This is pdfTeX, Version 3.141592653-2.6-1.40.25 (TeX Live 2023/Debian) (preloaded format=pdflatex 2026.7.13)  14 JUL 2026 17:23
entering extended mode
 restricted \write18 enabled.
 file:line:error style messages enabled.
 %&-line parsing enabled.
**/home/davi/repos/TCC/fcte_template.tex
(/home/davi/repos/TCC/fcte_template.tex
LaTeX2e <2023-11-01> patch level 1
L3 programming layer <2024-01-22>
(./fcte.cls
Document Class: fcte 2026/06/28 Classe PPGEB/FCTE v1.5
(/usr/share/texlive/texmf-dist/tex/latex/base/report.cls
Document Class: report 2023/05/17 v1.4n Standard LaTeX document class
(/usr/share/texlive/texmf-dist/tex/latex/base/size12.clo
File: size12.clo 2023/05/17 v1.4n Standard LaTeX file (size option)
)
\c@part=\count187
\c@chapter=\count188
\c@section=\count189
\c@subsection=\count190
\c@subsubsection=\count191
\c@paragraph=\count192
\c@subparagraph=\count193
\c@figure=\count194
\c@table=\count195
\abovecaptionskip=\skip48
\belowcaptionskip=\skip49
\bibindent=\dimen140
) (/usr/share/texlive/texmf-dist/tex/latex/base/fontenc.sty
Package: fontenc 2021/04/29 v2.0v Standard LaTeX package
) (/usr/share/texlive/texmf-dist/tex/generic/babel/babel.sty
Package: babel 2024/01/07 v24.1 The Babel package
\babel@savecnt=\count196
\U@D=\dimen141
\l@unhyphenated=\language6
 (/usr/share/texlive/texmf-dist/tex/generic/babel/txtbabel.def)
\bbl@readstream=\read2
\bbl@dirlevel=\count197
 (/usr/share/texlive/texmf-dist/tex/generic/babel-portuges/brazil.ldf
Language: portuges 2021/07/09 v1.2t Portuguese support from the babel system
Package babel Info: Hyphen rules for 'brazil' set to \l@portuguese
(babel)             (\language5). Reported on input line 111.
Package babel Info: Making " an active character on input line 143.
)) (/usr/share/texlive/texmf-dist/tex/latex/pdfpages/pdfpages.sty
Package: pdfpages 2024/01/21 v0.5y Insert pages of external PDF documents (AM)
 (/usr/share/texlive/texmf-dist/tex/latex/base/ifthen.sty
Package: ifthen 2022/04/13 v1.1d Standard LaTeX ifthen package (DPC)
) (/usr/share/texlive/texmf-dist/tex/latex/tools/calc.sty
Package: calc 2023/07/08 v4.3 Infix arithmetic (KKT,FJ)
\calc@Acount=\count198
\calc@Bcount=\count199
\calc@Adimen=\dimen142
\calc@Bdimen=\dimen143
\calc@Askip=\skip50
\calc@Bskip=\skip51
LaTeX Info: Redefining \setlength on input line 80.
LaTeX Info: Redefining \addtolength on input line 81.
\calc@Ccount=\count266
\calc@Cskip=\skip52
) (/usr/share/texlive/texmf-dist/tex/latex/eso-pic/eso-pic.sty
Package: eso-pic 2023/05/03 v3.0c eso-pic (RN)
\ESO@tempdima=\dimen144
\ESO@tempdimb=\dimen145
 (/usr/share/texlive/texmf-dist/tex/latex/graphics/keyval.sty
Package: keyval 2022/05/29 v1.15 key=value parser (DPC)
\KV@toks@=\toks17
) (/usr/share/texlive/texmf-dist/tex/latex/xcolor/xcolor.sty
Package: xcolor 2023/11/15 v3.01 LaTeX color extensions (UK)
 (/usr/share/texlive/texmf-dist/tex/latex/graphics-cfg/color.cfg
File: color.cfg 2016/01/02 v1.6 sample color configuration
)
Package xcolor Info: Driver file: pdftex.def on input line 274.
 (/usr/share/texlive/texmf-dist/tex/latex/graphics-def/pdftex.def
File: pdftex.def 2022/09/22 v1.2b Graphics/color driver for pdftex
) (/usr/share/texlive/texmf-dist/tex/latex/graphics/mathcolor.ltx)
Package xcolor Info: Model `cmy' substituted by `cmy0' on input line 1350.
Package xcolor Info: Model `hsb' substituted by `rgb' on input line 1354.
Package xcolor Info: Model `RGB' extended on input line 1366.
Package xcolor Info: Model `HTML' substituted by `rgb' on input line 1368.
Package xcolor Info: Model `Hsb' substituted by `hsb' on input line 1369.
Package xcolor Info: Model `tHsb' substituted by `hsb' on input line 1370.
Package xcolor Info: Model `HSB' substituted by `hsb' on input line 1371.
Package xcolor Info: Model `Gray' substituted by `gray' on input line 1372.
Package xcolor Info: Model `wave' substituted by `hsb' on input line 1373.
)) (/usr/share/texlive/texmf-dist/tex/latex/graphics/graphicx.sty
Package: graphicx 2021/09/16 v1.2d Enhanced LaTeX Graphics (DPC,SPQR)
 (/usr/share/texlive/texmf-dist/tex/latex/graphics/graphics.sty
Package: graphics 2022/03/10 v1.4e Standard LaTeX Graphics (DPC,SPQR)
 (/usr/share/texlive/texmf-dist/tex/latex/graphics/trig.sty
Package: trig 2021/08/11 v1.11 sin cos tan (DPC)
) (/usr/share/texlive/texmf-dist/tex/latex/graphics-cfg/graphics.cfg
File: graphics.cfg 2016/06/04 v1.11 sample graphics configuration
)
Package graphics Info: Driver file: pdftex.def on input line 107.
)
\Gin@req@height=\dimen146
\Gin@req@width=\dimen147
)
\AM@pagewidth=\dimen148
\AM@pageheight=\dimen149
\AM@fboxrule=\dimen150
 (/usr/share/texlive/texmf-dist/tex/latex/pdfpages/pppdftex.def
File: pppdftex.def 2024/01/21 v0.5y Pdfpages driver for pdfTeX (AM)
)
\pdfpages@includegraphics@status=\count267
\AM@pagebox=\box51
\AM@global@opts=\toks18
\AM@pagecnt=\count268
\AM@toc@title=\toks19
\AM@lof@heading=\toks20
\c@AM@survey=\count269
\AM@templatesizebox=\box52
) (/usr/share/texlive/texmf-dist/tex/latex/bold-extra/bold-extra.sty
Package: bold-extra 2001/11/13 v0.1 Use fonts from cm/mf-extra/bold
) (/usr/share/texlive/texmf-dist/tex/latex/lastpage/lastpage.sty
Package: lastpage 2023/10/14 v2.0e lastpage: 2.09 or 2e? (HMM)
 (/usr/share/texlive/texmf-dist/tex/latex/lastpage/lastpage2e.sty
Package: lastpage2e 2023/10/14 v2.0e Decide which 2e lastpage version to use (HMM)
 (/usr/share/texlive/texmf-dist/tex/latex/lastpage/lastpagemodern.sty
Package: lastpagemodern 2023-10-14 v2.0e Refers to last page's name (HMM; JPG)
\c@lastpagecount=\count270
) 
)) (/usr/share/texlive/texmf-dist/tex/latex/tools/tabularx.sty
Package: tabularx 2023/07/08 v2.11c `tabularx' package (DPC)
 (/usr/share/texlive/texmf-dist/tex/latex/tools/array.sty
Package: array 2023/10/16 v2.5g Tabular extension package (FMi)
\col@sep=\dimen151
\ar@mcellbox=\box53
\extrarowheight=\dimen152
\NC@list=\toks21
\extratabsurround=\skip53
\backup@length=\skip54
\ar@cellbox=\box54
)
\TX@col@width=\dimen153
\TX@old@table=\dimen154
\TX@old@col=\dimen155
\TX@target=\dimen156
\TX@delta=\dimen157
\TX@cols=\count271
\TX@ftn=\toks22
) (/usr/share/texlive/texmf-dist/tex/latex/base/flafter.sty
Package: flafter 2021/07/31 v1.4e Standard LaTeX floats after reference (FMi)
Applying: [2015/01/01] float order in 2-column on input line 49.
Already applied: [0000/00/00] float order in 2-column on input line 151.
) (/usr/share/texlive/texmf-dist/tex/latex/carlisle/scalefnt.sty) (/usr/share/texlive/texmf-dist/tex/latex/geometry/geometry.sty
Package: geometry 2020/01/02 v5.9 Page Geometry
 (/usr/share/texlive/texmf-dist/tex/generic/iftex/ifvtex.sty
Package: ifvtex 2019/10/25 v1.7 ifvtex legacy package. Use iftex instead.
 (/usr/share/texlive/texmf-dist/tex/generic/iftex/iftex.sty
Package: iftex 2022/02/03 v1.0f TeX engine tests
))
\Gm@cnth=\count272
\Gm@cntv=\count273
\c@Gm@tempcnt=\count274
\Gm@bindingoffset=\dimen158
\Gm@wd@mp=\dimen159
\Gm@odd@mp=\dimen160
\Gm@even@mp=\dimen161
\Gm@layoutwidth=\dimen162
\Gm@layoutheight=\dimen163
\Gm@layouthoffset=\dimen164
\Gm@layoutvoffset=\dimen165
\Gm@dimlist=\toks23
) (/usr/share/texlive/texmf-dist/tex/latex/booktabs/booktabs.sty
Package: booktabs 2020/01/12 v1.61803398 Publication quality tables
\heavyrulewidth=\dimen166
\lightrulewidth=\dimen167
\cmidrulewidth=\dimen168
\belowrulesep=\dimen169
\belowbottomsep=\dimen170
\aboverulesep=\dimen171
\abovetopsep=\dimen172
\cmidrulesep=\dimen173
\cmidrulekern=\dimen174
\defaultaddspace=\dimen175
\@cmidla=\count275
\@cmidlb=\count276
\@aboverulesep=\dimen176
\@belowrulesep=\dimen177
\@thisruleclass=\count277
\@lastruleclass=\count278
\@thisrulewidth=\dimen178
) (/usr/share/texlive/texmf-dist/tex/latex/tools/longtable.sty
Package: longtable 2023-11-01 v4.19 Multi-page Table package (DPC)
\LTleft=\skip55
\LTright=\skip56
\LTpre=\skip57
\LTpost=\skip58
\LTchunksize=\count279
\LTcapwidth=\dimen179
\LT@head=\box55
\LT@firsthead=\box56
\LT@foot=\box57
\LT@lastfoot=\box58
\LT@gbox=\box59
\LT@cols=\count280
\LT@rows=\count281
\c@LT@tables=\count282
\c@LT@chunks=\count283
\LT@p@ftn=\toks24
) (/usr/share/texlive/texmf-dist/tex/latex/multirow/multirow.sty
Package: multirow 2021/03/15 v2.8 Span multiple rows of a table
\multirow@colwidth=\skip59
\multirow@cntb=\count284
\multirow@dima=\skip60
\bigstrutjot=\dimen180
) (/usr/share/texlive/texmf-dist/tex/latex/colortbl/colortbl.sty
Package: colortbl 2022/06/20 v1.0f Color table columns (DPC)
\everycr=\toks25
\minrowclearance=\skip61
\rownum=\count285
) (/usr/share/texlive/texmf-dist/tex/latex/amsmath/amsmath.sty
Package: amsmath 2023/05/13 v2.17o AMS math features
\@mathmargin=\skip62

For additional information on amsmath, use the `?' option.
(/usr/share/texlive/texmf-dist/tex/latex/amsmath/amstext.sty
Package: amstext 2021/08/26 v2.01 AMS text
 (/usr/share/texlive/texmf-dist/tex/latex/amsmath/amsgen.sty
File: amsgen.sty 1999/11/30 v2.0 generic functions
\@emptytoks=\toks26
\ex@=\dimen181
)) (/usr/share/texlive/texmf-dist/tex/latex/amsmath/amsbsy.sty
Package: amsbsy 1999/11/29 v1.2d Bold Symbols
\pmbraise@=\dimen182
) (/usr/share/texlive/texmf-dist/tex/latex/amsmath/amsopn.sty
Package: amsopn 2022/04/08 v2.04 operator names
)
\inf@bad=\count286
LaTeX Info: Redefining \frac on input line 234.
\uproot@=\count287
\leftroot@=\count288
LaTeX Info: Redefining \overline on input line 399.
LaTeX Info: Redefining \colon on input line 410.
\classnum@=\count289
\DOTSCASE@=\count290
LaTeX Info: Redefining \ldots on input line 496.
LaTeX Info: Redefining \dots on input line 499.
LaTeX Info: Redefining \cdots on input line 620.
\Mathstrutbox@=\box60
\strutbox@=\box61
LaTeX Info: Redefining \big on input line 722.
LaTeX Info: Redefining \Big on input line 723.
LaTeX Info: Redefining \bigg on input line 724.
LaTeX Info: Redefining \Bigg on input line 725.
\big@size=\dimen183
LaTeX Font Info:    Redeclaring font encoding OML on input line 743.
LaTeX Font Info:    Redeclaring font encoding OMS on input line 744.
\macc@depth=\count291
LaTeX Info: Redefining \bmod on input line 905.
LaTeX Info: Redefining \pmod on input line 910.
LaTeX Info: Redefining \smash on input line 940.
LaTeX Info: Redefining \relbar on input line 970.
LaTeX Info: Redefining \Relbar on input line 971.
\c@MaxMatrixCols=\count292
\dotsspace@=\muskip16
\c@parentequation=\count293
\dspbrk@lvl=\count294
\tag@help=\toks27
\row@=\count295
\column@=\count296
\maxfields@=\count297
\andhelp@=\toks28
\eqnshift@=\dimen184
\alignsep@=\dimen185
\tagshift@=\dimen186
\tagwidth@=\dimen187
\totwidth@=\dimen188
\lineht@=\dimen189
\@envbody=\toks29
\multlinegap=\skip63
\multlinetaggap=\skip64
\mathdisplay@stack=\toks30
LaTeX Info: Redefining \[ on input line 2953.
LaTeX Info: Redefining \] on input line 2954.
) (/usr/share/texlive/texmf-dist/tex/latex/amsfonts/amssymb.sty
Package: amssymb 2013/01/14 v3.01 AMS font symbols
 (/usr/share/texlive/texmf-dist/tex/latex/amsfonts/amsfonts.sty
Package: amsfonts 2013/01/14 v3.01 Basic AMSFonts support
\symAMSa=\mathgroup4
\symAMSb=\mathgroup5
LaTeX Font Info:    Redeclaring math symbol \hbar on input line 98.
LaTeX Font Info:    Overwriting math alphabet `\mathfrak' in version `bold'
(Font)                  U/euf/m/n --> U/euf/b/n on input line 106.
)) (/usr/share/texlive/texmf-dist/tex/latex/l3packages/xfrac/xfrac.sty (/usr/share/texlive/texmf-dist/tex/latex/l3kernel/expl3.sty
Package: expl3 2024-01-22 L3 programming layer (loader) 
 (/usr/share/texlive/texmf-dist/tex/latex/l3backend/l3backend-pdftex.def
File: l3backend-pdftex.def 2024-01-04 L3 backend support: PDF output (pdfTeX)
\l__color_backend_stack_int=\count298
\l__pdf_internal_box=\box62
)) (/usr/share/texlive/texmf-dist/tex/latex/l3packages/l3keys2e/l3keys2e.sty
Package: l3keys2e 2023-10-10 LaTeX2e option processing using LaTeX3 keys
) (/usr/share/texlive/texmf-dist/tex/latex/base/textcomp.sty
Package: textcomp 2020/02/02 v2.0n Standard LaTeX package
) (/usr/share/texlive/texmf-dist/tex/latex/l3packages/xparse/xparse.sty
Package: xparse 2023-10-10 L3 Experimental document command parser
) (/usr/share/texlive/texmf-dist/tex/latex/l3packages/xtemplate/xtemplate.sty
Package: xtemplate 2023-10-10 L3 Experimental prototype document functions
\l__xtemplate_tmp_dim=\dimen190
\l__xtemplate_tmp_int=\count299
\l__xtemplate_tmp_muskip=\muskip17
\l__xtemplate_tmp_skip=\skip65
)
Package: xfrac 2023-10-10 L3 Experimental split-level fractions
\l__xfrac_slash_box=\box63
\l__xfrac_tmp_box=\box64
\l__xfrac_denominator_bot_sep_dim=\dimen191
\l__xfrac_numerator_bot_sep_dim=\dimen192
\l__xfrac_numerator_top_sep_dim=\dimen193
\l__xfrac_slash_left_sep_dim=\dimen194
\l__xfrac_slash_right_sep_dim=\dimen195
\l__xfrac_slash_left_muskip=\muskip18
\l__xfrac_slash_right_muskip=\muskip19

Package xtemplate Info: Declaring object type 'xfrac' taking 3 argument(s) on
(xtemplate)             line 80.

) (/usr/share/texlive/texmf-dist/tex/latex/float/float.sty
Package: float 2001/11/08 v1.3d Float enhancements (AL)
\c@float@type=\count300
\float@exts=\toks31
\float@box=\box65
\@float@everytoks=\toks32
\@floatcapt=\box66
) (/usr/share/texlive/texmf-dist/tex/latex/placeins/placeins.sty
Package: placeins 2005/04/18  v 2.2
) (/usr/share/texlive/texmf-dist/tex/latex/realboxes/realboxes.sty
Package: realboxes 2011/08/08 v0.2 Change box commands to read there content as real boxes
 (/usr/share/texlive/texmf-dist/tex/latex/collectbox/collectbox.sty
Package: collectbox 2022/10/17 v0.4c Collect macro arguments as boxes
\collectedbox=\box67
) (/usr/share/texlive/texmf-dist/tex/latex/adjustbox/adjcalc.sty
Package: adjcalc 2012/05/16 v1.1 Provides advanced setlength with multiple back-ends (calc, etex, pgfmath)
 (/usr/share/texlive/texmf-dist/tex/latex/xkeyval/xkeyval.sty
Package: xkeyval 2022/06/16 v2.9 package option processing (HA)
 (/usr/share/texlive/texmf-dist/tex/generic/xkeyval/xkeyval.tex (/usr/share/texlive/texmf-dist/tex/generic/xkeyval/xkvutils.tex
\XKV@toks=\toks33
\XKV@tempa@toks=\toks34
)
\XKV@depth=\count301
File: xkeyval.tex 2014/12/03 v2.7a key=value parser (HA)
)))) (/usr/share/texlive/texmf-dist/tex/latex/graphics/rotating.sty
Package: rotating 2016/08/11 v2.16d rotated objects in LaTeX
\c@r@tfl@t=\count302
\rotFPtop=\skip66
\rotFPbot=\skip67
\rot@float@box=\box68
\rot@mess@toks=\toks35
) (/usr/share/texlive/texmf-dist/tex/latex/caption/subcaption.sty
Package: subcaption 2023/07/28 v1.6b Sub-captions (AR)
 (/usr/share/texlive/texmf-dist/tex/latex/caption/caption.sty
Package: caption 2023/08/05 v3.6o Customizing captions (AR)
 (/usr/share/texlive/texmf-dist/tex/latex/caption/caption3.sty
Package: caption3 2023/07/31 v2.4d caption3 kernel (AR)
\caption@tempdima=\dimen196
\captionmargin=\dimen197
\caption@leftmargin=\dimen198
\caption@rightmargin=\dimen199
\caption@width=\dimen256
\caption@indent=\dimen257
\caption@parindent=\dimen258
\caption@hangindent=\dimen259
Package caption Info: Standard document class detected.
)
\c@caption@flags=\count303
\c@continuedfloat=\count304
Package caption Info: float package is loaded.
Package caption Info: longtable package is loaded.
 (/usr/share/texlive/texmf-dist/tex/latex/caption/ltcaption.sty
Package: ltcaption 2021/01/08 v1.4c longtable captions (AR)
)
Package caption Info: rotating package is loaded.
)
Package caption Info: New subtype `subfigure' on input line 238.
\c@subfigure=\count305
Package caption Info: New subtype `subtable' on input line 238.
\c@subtable=\count306
) (/usr/share/texlive/texmf-dist/tex/latex/tools/enumerate.sty
Package: enumerate 2023/07/04 v3.00 enumerate extensions (DPC)
\@enLab=\toks36
) (/usr/share/texlive/texmf-dist/tex/latex/tools/indentfirst.sty
Package: indentfirst 2023/07/02 v1.03 Indent first paragraph (DPC)
) (/usr/share/texlive/texmf-dist/tex/latex/tools/multicol.sty
Package: multicol 2023/03/30 v1.9f multicolumn formatting (FMi)
\c@tracingmulticols=\count307
\mult@box=\box69
\multicol@leftmargin=\dimen260
\c@unbalance=\count308
\c@collectmore=\count309
\doublecol@number=\count310
\multicoltolerance=\count311
\multicolpretolerance=\count312
\full@width=\dimen261
\page@free=\dimen262
\premulticols=\dimen263
\postmulticols=\dimen264
\multicolsep=\skip68
\multicolbaselineskip=\skip69
\partial@page=\box70
\last@line=\box71
\mc@boxedresult=\box72
\maxbalancingoverflow=\dimen265
\mult@rightbox=\box73
\mult@grightbox=\box74
\mult@firstbox=\box75
\mult@gfirstbox=\box76
\@tempa=\box77
\@tempa=\box78
\@tempa=\box79
\@tempa=\box80
\@tempa=\box81
\@tempa=\box82
\@tempa=\box83
\@tempa=\box84
\@tempa=\box85
\@tempa=\box86
\@tempa=\box87
\@tempa=\box88
\@tempa=\box89
\@tempa=\box90
\@tempa=\box91
\@tempa=\box92
\@tempa=\box93
\@tempa=\box94
\@tempa=\box95
\@tempa=\box96
\@tempa=\box97
\@tempa=\box98
\@tempa=\box99
\@tempa=\box100
\@tempa=\box101
\@tempa=\box102
\@tempa=\box103
\@tempa=\box104
\@tempa=\box105
\@tempa=\box106
\@tempa=\box107
\@tempa=\box108
\@tempa=\box109
\@tempa=\box110
\@tempa=\box111
\@tempa=\box112
\c@minrows=\count313
\c@columnbadness=\count314
\c@finalcolumnbadness=\count315
\last@try=\dimen266
\multicolovershoot=\dimen267
\multicolundershoot=\dimen268
\mult@nat@firstbox=\box113
\colbreak@box=\box114
\mc@col@check@num=\count316
) (/usr/share/texlive/texmf-dist/tex/latex/pdflscape/pdflscape.sty
Package: pdflscape 2022-10-27 v0.13 Display of landscape pages in PDF
 (/usr/share/texlive/texmf-dist/tex/latex/pdflscape/pdflscape-nometadata.sty
Package: pdflscape-nometadata 2022-10-28 v0.13 Display of landscape pages in PDF (HO)
 (/usr/share/texlive/texmf-dist/tex/latex/graphics/lscape.sty
Package: lscape 2020/05/28 v3.02 Landscape Pages (DPC)
)
Package pdflscape Info: Auto-detected driver: pdftex on input line 81.
)) (/usr/share/texlive/texmf-dist/tex/latex/setspace/setspace.sty
Package: setspace 2022/12/04 v6.7b set line spacing
) (/usr/share/texlive/texmf-dist/tex/latex/xurl/xurl.sty
Package: xurl 2022/01/09 v 0.10 modify URL breaks
 (/usr/share/texlive/texmf-dist/tex/latex/url/url.sty
\Urlmuskip=\muskip20
Package: url 2013/09/16  ver 3.4  Verb mode for urls, etc.
)) (/usr/share/texlive/texmf-dist/tex/latex/hyperref/hyperref.sty
Package: hyperref 2024-01-20 v7.01h Hypertext links for LaTeX
 (/usr/share/texlive/texmf-dist/tex/latex/kvsetkeys/kvsetkeys.sty
Package: kvsetkeys 2022-10-05 v1.19 Key value parser (HO)
) (/usr/share/texlive/texmf-dist/tex/generic/kvdefinekeys/kvdefinekeys.sty
Package: kvdefinekeys 2019-12-19 v1.6 Define keys (HO)
) (/usr/share/texlive/texmf-dist/tex/generic/pdfescape/pdfescape.sty
Package: pdfescape 2019/12/09 v1.15 Implements pdfTeX's escape features (HO)
 (/usr/share/texlive/texmf-dist/tex/generic/ltxcmds/ltxcmds.sty
Package: ltxcmds 2023-12-04 v1.26 LaTeX kernel commands for general use (HO)
) (/usr/share/texlive/texmf-dist/tex/generic/pdftexcmds/pdftexcmds.sty
Package: pdftexcmds 2020-06-27 v0.33 Utility functions of pdfTeX for LuaTeX (HO)
 (/usr/share/texlive/texmf-dist/tex/generic/infwarerr/infwarerr.sty
Package: infwarerr 2019/12/03 v1.5 Providing info/warning/error messages (HO)
)
Package pdftexcmds Info: \pdf@primitive is available.
Package pdftexcmds Info: \pdf@ifprimitive is available.
Package pdftexcmds Info: \pdfdraftmode found.
)) (/usr/share/texlive/texmf-dist/tex/latex/hycolor/hycolor.sty
Package: hycolor 2020-01-27 v1.10 Color options for hyperref/bookmark (HO)
) (/usr/share/texlive/texmf-dist/tex/latex/auxhook/auxhook.sty
Package: auxhook 2019-12-17 v1.6 Hooks for auxiliary files (HO)
) (/usr/share/texlive/texmf-dist/tex/latex/hyperref/nameref.sty
Package: nameref 2023-11-26 v2.56 Cross-referencing by name of section
 (/usr/share/texlive/texmf-dist/tex/latex/refcount/refcount.sty
Package: refcount 2019/12/15 v3.6 Data extraction from label references (HO)
) (/usr/share/texlive/texmf-dist/tex/generic/gettitlestring/gettitlestring.sty
Package: gettitlestring 2019/12/15 v1.6 Cleanup title references (HO)
 (/usr/share/texlive/texmf-dist/tex/latex/kvoptions/kvoptions.sty
Package: kvoptions 2022-06-15 v3.15 Key value format for package options (HO)
))
\c@section@level=\count317
) (/usr/share/texlive/texmf-dist/tex/latex/etoolbox/etoolbox.sty
Package: etoolbox 2020/10/05 v2.5k e-TeX tools for LaTeX (JAW)
\etb@tempcnta=\count318
)
\@linkdim=\dimen269
\Hy@linkcounter=\count319
\Hy@pagecounter=\count320
 (/usr/share/texlive/texmf-dist/tex/latex/hyperref/pd1enc.def
File: pd1enc.def 2024-01-20 v7.01h Hyperref: PDFDocEncoding definition (HO)
Now handling font encoding PD1 ...
... no UTF-8 mapping file for font encoding PD1
) (/usr/share/texlive/texmf-dist/tex/generic/intcalc/intcalc.sty
Package: intcalc 2019/12/15 v1.3 Expandable calculations with integers (HO)
)
\Hy@SavedSpaceFactor=\count321
 (/usr/share/texlive/texmf-dist/tex/latex/hyperref/puenc.def
File: puenc.def 2024-01-20 v7.01h Hyperref: PDF Unicode definition (HO)
Now handling font encoding PU ...
... no UTF-8 mapping file for font encoding PU
)
Package hyperref Info: Hyper figures OFF on input line 4179.
Package hyperref Info: Link nesting OFF on input line 4184.
Package hyperref Info: Hyper index ON on input line 4187.
Package hyperref Info: Plain pages OFF on input line 4194.
Package hyperref Info: Backreferencing OFF on input line 4199.
Package hyperref Info: Implicit mode ON; LaTeX internals redefined.
Package hyperref Info: Bookmarks ON on input line 4446.
\c@Hy@tempcnt=\count322
LaTeX Info: Redefining \url on input line 4784.
\XeTeXLinkMargin=\dimen270
 (/usr/share/texlive/texmf-dist/tex/generic/bitset/bitset.sty
Package: bitset 2019/12/09 v1.3 Handle bit-vector datatype (HO)
 (/usr/share/texlive/texmf-dist/tex/generic/bigintcalc/bigintcalc.sty
Package: bigintcalc 2019/12/15 v1.5 Expandable calculations on big integers (HO)
))
\Fld@menulength=\count323
\Field@Width=\dimen271
\Fld@charsize=\dimen272
Package hyperref Info: Hyper figures OFF on input line 6063.
Package hyperref Info: Link nesting OFF on input line 6068.
Package hyperref Info: Hyper index ON on input line 6071.
Package hyperref Info: backreferencing OFF on input line 6078.
Package hyperref Info: Link coloring OFF on input line 6083.
Package hyperref Info: Link coloring with OCG OFF on input line 6088.
Package hyperref Info: PDF/A mode OFF on input line 6093.
 (/usr/share/texlive/texmf-dist/tex/latex/base/atbegshi-ltx.sty
Package: atbegshi-ltx 2021/01/10 v1.0c Emulation of the original atbegshi
package with kernel methods
)
\Hy@abspage=\count324
\c@Item=\count325
\c@Hfootnote=\count326
)
Package hyperref Info: Driver (autodetected): hpdftex.
 (/usr/share/texlive/texmf-dist/tex/latex/hyperref/hpdftex.def
File: hpdftex.def 2024-01-20 v7.01h Hyperref driver for pdfTeX
 (/usr/share/texlive/texmf-dist/tex/latex/base/atveryend-ltx.sty
Package: atveryend-ltx 2020/08/19 v1.0a Emulation of the original atveryend package
with kernel methods
)
\Fld@listcount=\count327
\c@bookmark@seq@number=\count328
 (/usr/share/texlive/texmf-dist/tex/latex/rerunfilecheck/rerunfilecheck.sty
Package: rerunfilecheck 2022-07-10 v1.10 Rerun checks for auxiliary files (HO)
 (/usr/share/texlive/texmf-dist/tex/generic/uniquecounter/uniquecounter.sty
Package: uniquecounter 2019/12/15 v1.4 Provide unlimited unique counter (HO)
)
Package uniquecounter Info: New unique counter `rerunfilecheck' on input line 285.
)
\Hy@SectionHShift=\skip70
) (/usr/share/texlive/texmf-dist/tex/latex/pgf/frontendlayer/tikz.sty (/usr/share/texlive/texmf-dist/tex/latex/pgf/basiclayer/pgf.sty (/usr/share/texlive/texmf-dist/tex/latex/pgf/utilities/pgfrcs.sty (/usr/share/texlive/texmf-dist/tex/generic/pgf/utilities/pgfutil-common.tex
\pgfutil@everybye=\toks37
\pgfutil@tempdima=\dimen273
\pgfutil@tempdimb=\dimen274
) (/usr/share/texlive/texmf-dist/tex/generic/pgf/utilities/pgfutil-latex.def
\pgfutil@abb=\box115
) (/usr/share/texlive/texmf-dist/tex/generic/pgf/utilities/pgfrcs.code.tex (/usr/share/texlive/texmf-dist/tex/generic/pgf/pgf.revision.tex)
Package: pgfrcs 2023-01-15 v3.1.10 (3.1.10)
))
Package: pgf 2023-01-15 v3.1.10 (3.1.10)
 (/usr/share/texlive/texmf-dist/tex/latex/pgf/basiclayer/pgfcore.sty (/usr/share/texlive/texmf-dist/tex/latex/pgf/systemlayer/pgfsys.sty (/usr/share/texlive/texmf-dist/tex/generic/pgf/systemlayer/pgfsys.code.tex
Package: pgfsys 2023-01-15 v3.1.10 (3.1.10)
 (/usr/share/texlive/texmf-dist/tex/generic/pgf/utilities/pgfkeys.code.tex
\pgfkeys@pathtoks=\toks38
\pgfkeys@temptoks=\toks39
 (/usr/share/texlive/texmf-dist/tex/generic/pgf/utilities/pgfkeyslibraryfiltered.code.tex
\pgfkeys@tmptoks=\toks40
))
\pgf@x=\dimen275
\pgf@y=\dimen276
\pgf@xa=\dimen277
\pgf@ya=\dimen278
\pgf@xb=\dimen279
\pgf@yb=\dimen280
\pgf@xc=\dimen281
\pgf@yc=\dimen282
\pgf@xd=\dimen283
\pgf@yd=\dimen284
\w@pgf@writea=\write3
\r@pgf@reada=\read3
\c@pgf@counta=\count329
\c@pgf@countb=\count330
\c@pgf@countc=\count331
\c@pgf@countd=\count332
\t@pgf@toka=\toks41
\t@pgf@tokb=\toks42
\t@pgf@tokc=\toks43
\pgf@sys@id@count=\count333
 (/usr/share/texlive/texmf-dist/tex/generic/pgf/systemlayer/pgf.cfg
File: pgf.cfg 2023-01-15 v3.1.10 (3.1.10)
)
Driver file for pgf: pgfsys-pdftex.def
 (/usr/share/texlive/texmf-dist/tex/generic/pgf/systemlayer/pgfsys-pdftex.def
File: pgfsys-pdftex.def 2023-01-15 v3.1.10 (3.1.10)
 (/usr/share/texlive/texmf-dist/tex/generic/pgf/systemlayer/pgfsys-common-pdf.def
File: pgfsys-common-pdf.def 2023-01-15 v3.1.10 (3.1.10)
))) (/usr/share/texlive/texmf-dist/tex/generic/pgf/systemlayer/pgfsyssoftpath.code.tex
File: pgfsyssoftpath.code.tex 2023-01-15 v3.1.10 (3.1.10)
\pgfsyssoftpath@smallbuffer@items=\count334
\pgfsyssoftpath@bigbuffer@items=\count335
) (/usr/share/texlive/texmf-dist/tex/generic/pgf/systemlayer/pgfsysprotocol.code.tex
File: pgfsysprotocol.code.tex 2023-01-15 v3.1.10 (3.1.10)
)) (/usr/share/texlive/texmf-dist/tex/generic/pgf/basiclayer/pgfcore.code.tex
Package: pgfcore 2023-01-15 v3.1.10 (3.1.10)
 (/usr/share/texlive/texmf-dist/tex/generic/pgf/math/pgfmath.code.tex (/usr/share/texlive/texmf-dist/tex/generic/pgf/math/pgfmathutil.code.tex) (/usr/share/texlive/texmf-dist/tex/generic/pgf/math/pgfmathparser.code.tex
\pgfmath@dimen=\dimen285
\pgfmath@count=\count336
\pgfmath@box=\box116
\pgfmath@toks=\toks44
\pgfmath@stack@operand=\toks45
\pgfmath@stack@operation=\toks46
) (/usr/share/texlive/texmf-dist/tex/generic/pgf/math/pgfmathfunctions.code.tex) (/usr/share/texlive/texmf-dist/tex/generic/pgf/math/pgfmathfunctions.basic.code.tex) (/usr/share/texlive/texmf-dist/tex/generic/pgf/math/pgfmathfunctions.trigonometric.code.tex) (/usr/share/texlive/texmf-dist/tex/generic/pgf/math/pgfmathfunctions.random.code.tex) (/usr/share/texlive/texmf-dist/tex/generic/pgf/math/pgfmathfunctions.comparison.code.tex) (/usr/share/texlive/texmf-dist/tex/generic/pgf/math/pgfmathfunctions.base.code.tex) (/usr/share/texlive/texmf-dist/tex/generic/pgf/math/pgfmathfunctions.round.code.tex) (/usr/share/texlive/texmf-dist/tex/generic/pgf/math/pgfmathfunctions.misc.code.tex) (/usr/share/texlive/texmf-dist/tex/generic/pgf/math/pgfmathfunctions.integerarithmetics.code.tex) (/usr/share/texlive/texmf-dist/tex/generic/pgf/math/pgfmathcalc.code.tex) (/usr/share/texlive/texmf-dist/tex/generic/pgf/math/pgfmathfloat.code.tex
\c@pgfmathroundto@lastzeros=\count337
)) (/usr/share/texlive/texmf-dist/tex/generic/pgf/math/pgfint.code.tex) (/usr/share/texlive/texmf-dist/tex/generic/pgf/basiclayer/pgfcorepoints.code.tex
File: pgfcorepoints.code.tex 2023-01-15 v3.1.10 (3.1.10)
\pgf@picminx=\dimen286
\pgf@picmaxx=\dimen287
\pgf@picminy=\dimen288
\pgf@picmaxy=\dimen289
\pgf@pathminx=\dimen290
\pgf@pathmaxx=\dimen291
\pgf@pathminy=\dimen292
\pgf@pathmaxy=\dimen293
\pgf@xx=\dimen294
\pgf@xy=\dimen295
\pgf@yx=\dimen296
\pgf@yy=\dimen297
\pgf@zx=\dimen298
\pgf@zy=\dimen299
) (/usr/share/texlive/texmf-dist/tex/generic/pgf/basiclayer/pgfcorepathconstruct.code.tex
File: pgfcorepathconstruct.code.tex 2023-01-15 v3.1.10 (3.1.10)
\pgf@path@lastx=\dimen300
\pgf@path@lasty=\dimen301
) (/usr/share/texlive/texmf-dist/tex/generic/pgf/basiclayer/pgfcorepathusage.code.tex
File: pgfcorepathusage.code.tex 2023-01-15 v3.1.10 (3.1.10)
\pgf@shorten@end@additional=\dimen302
\pgf@shorten@start@additional=\dimen303
) (/usr/share/texlive/texmf-dist/tex/generic/pgf/basiclayer/pgfcorescopes.code.tex
File: pgfcorescopes.code.tex 2023-01-15 v3.1.10 (3.1.10)
\pgfpic=\box117
\pgf@hbox=\box118
\pgf@layerbox@main=\box119
\pgf@picture@serial@count=\count338
) (/usr/share/texlive/texmf-dist/tex/generic/pgf/basiclayer/pgfcoregraphicstate.code.tex
File: pgfcoregraphicstate.code.tex 2023-01-15 v3.1.10 (3.1.10)
\pgflinewidth=\dimen304
) (/usr/share/texlive/texmf-dist/tex/generic/pgf/basiclayer/pgfcoretransformations.code.tex
File: pgfcoretransformations.code.tex 2023-01-15 v3.1.10 (3.1.10)
\pgf@pt@x=\dimen305
\pgf@pt@y=\dimen306
\pgf@pt@temp=\dimen307
) (/usr/share/texlive/texmf-dist/tex/generic/pgf/basiclayer/pgfcorequick.code.tex
File: pgfcorequick.code.tex 2023-01-15 v3.1.10 (3.1.10)
) (/usr/share/texlive/texmf-dist/tex/generic/pgf/basiclayer/pgfcoreobjects.code.tex
File: pgfcoreobjects.code.tex 2023-01-15 v3.1.10 (3.1.10)
) (/usr/share/texlive/texmf-dist/tex/generic/pgf/basiclayer/pgfcorepathprocessing.code.tex
File: pgfcorepathprocessing.code.tex 2023-01-15 v3.1.10 (3.1.10)
) (/usr/share/texlive/texmf-dist/tex/generic/pgf/basiclayer/pgfcorearrows.code.tex
File: pgfcorearrows.code.tex 2023-01-15 v3.1.10 (3.1.10)
\pgfarrowsep=\dimen308
) (/usr/share/texlive/texmf-dist/tex/generic/pgf/basiclayer/pgfcoreshade.code.tex
File: pgfcoreshade.code.tex 2023-01-15 v3.1.10 (3.1.10)
\pgf@max=\dimen309
\pgf@sys@shading@range@num=\count339
\pgf@shadingcount=\count340
) (/usr/share/texlive/texmf-dist/tex/generic/pgf/basiclayer/pgfcoreimage.code.tex
File: pgfcoreimage.code.tex 2023-01-15 v3.1.10 (3.1.10)
) (/usr/share/texlive/texmf-dist/tex/generic/pgf/basiclayer/pgfcoreexternal.code.tex
File: pgfcoreexternal.code.tex 2023-01-15 v3.1.10 (3.1.10)
\pgfexternal@startupbox=\box120
) (/usr/share/texlive/texmf-dist/tex/generic/pgf/basiclayer/pgfcorelayers.code.tex
File: pgfcorelayers.code.tex 2023-01-15 v3.1.10 (3.1.10)
) (/usr/share/texlive/texmf-dist/tex/generic/pgf/basiclayer/pgfcoretransparency.code.tex
File: pgfcoretransparency.code.tex 2023-01-15 v3.1.10 (3.1.10)
) (/usr/share/texlive/texmf-dist/tex/generic/pgf/basiclayer/pgfcorepatterns.code.tex
File: pgfcorepatterns.code.tex 2023-01-15 v3.1.10 (3.1.10)
) (/usr/share/texlive/texmf-dist/tex/generic/pgf/basiclayer/pgfcorerdf.code.tex
File: pgfcorerdf.code.tex 2023-01-15 v3.1.10 (3.1.10)
))) (/usr/share/texlive/texmf-dist/tex/generic/pgf/modules/pgfmoduleshapes.code.tex
File: pgfmoduleshapes.code.tex 2023-01-15 v3.1.10 (3.1.10)
\pgfnodeparttextbox=\box121
) (/usr/share/texlive/texmf-dist/tex/generic/pgf/modules/pgfmoduleplot.code.tex
File: pgfmoduleplot.code.tex 2023-01-15 v3.1.10 (3.1.10)
) (/usr/share/texlive/texmf-dist/tex/latex/pgf/compatibility/pgfcomp-version-0-65.sty
Package: pgfcomp-version-0-65 2023-01-15 v3.1.10 (3.1.10)
\pgf@nodesepstart=\dimen310
\pgf@nodesepend=\dimen311
) (/usr/share/texlive/texmf-dist/tex/latex/pgf/compatibility/pgfcomp-version-1-18.sty
Package: pgfcomp-version-1-18 2023-01-15 v3.1.10 (3.1.10)
)) (/usr/share/texlive/texmf-dist/tex/latex/pgf/utilities/pgffor.sty (/usr/share/texlive/texmf-dist/tex/latex/pgf/utilities/pgfkeys.sty (/usr/share/texlive/texmf-dist/tex/generic/pgf/utilities/pgfkeys.code.tex)) (/usr/share/texlive/texmf-dist/tex/latex/pgf/math/pgfmath.sty (/usr/share/texlive/texmf-dist/tex/generic/pgf/math/pgfmath.code.tex)) (/usr/share/texlive/texmf-dist/tex/generic/pgf/utilities/pgffor.code.tex
Package: pgffor 2023-01-15 v3.1.10 (3.1.10)
\pgffor@iter=\dimen312
\pgffor@skip=\dimen313
\pgffor@stack=\toks47
\pgffor@toks=\toks48
)) (/usr/share/texlive/texmf-dist/tex/generic/pgf/frontendlayer/tikz/tikz.code.tex
Package: tikz 2023-01-15 v3.1.10 (3.1.10)
 (/usr/share/texlive/texmf-dist/tex/generic/pgf/libraries/pgflibraryplothandlers.code.tex
File: pgflibraryplothandlers.code.tex 2023-01-15 v3.1.10 (3.1.10)
\pgf@plot@mark@count=\count341
\pgfplotmarksize=\dimen314
)
\tikz@lastx=\dimen315
\tikz@lasty=\dimen316
\tikz@lastxsaved=\dimen317
\tikz@lastysaved=\dimen318
\tikz@lastmovetox=\dimen319
\tikz@lastmovetoy=\dimen320
\tikzleveldistance=\dimen321
\tikzsiblingdistance=\dimen322
\tikz@figbox=\box122
\tikz@figbox@bg=\box123
\tikz@tempbox=\box124
\tikz@tempbox@bg=\box125
\tikztreelevel=\count342
\tikznumberofchildren=\count343
\tikznumberofcurrentchild=\count344
\tikz@fig@count=\count345
 (/usr/share/texlive/texmf-dist/tex/generic/pgf/modules/pgfmodulematrix.code.tex
File: pgfmodulematrix.code.tex 2023-01-15 v3.1.10 (3.1.10)
\pgfmatrixcurrentrow=\count346
\pgfmatrixcurrentcolumn=\count347
\pgf@matrix@numberofcolumns=\count348
)
\tikz@expandcount=\count349
 (/usr/share/texlive/texmf-dist/tex/generic/pgf/frontendlayer/tikz/libraries/tikzlibrarytopaths.code.tex
File: tikzlibrarytopaths.code.tex 2023-01-15 v3.1.10 (3.1.10)
))) (/usr/share/texlive/texmf-dist/tex/generic/pgf/frontendlayer/tikz/libraries/tikzlibrarypositioning.code.tex
File: tikzlibrarypositioning.code.tex 2023-01-15 v3.1.10 (3.1.10)
) (/usr/share/texlive/texmf-dist/tex/generic/pgf/libraries/pgflibraryarrows.meta.code.tex
File: pgflibraryarrows.meta.code.tex 2023-01-15 v3.1.10 (3.1.10)
\pgfarrowinset=\dimen323
\pgfarrowlength=\dimen324
\pgfarrowwidth=\dimen325
\pgfarrowlinewidth=\dimen326
) (/usr/share/texlive/texmf-dist/tex/generic/pgf/frontendlayer/tikz/libraries/tikzlibrarycalc.code.tex
File: tikzlibrarycalc.code.tex 2023-01-15 v3.1.10 (3.1.10)
)
Package hyperref Info: Option `colorlinks' set `true' on input line 82.
) (/usr/share/texlive/texmf-dist/tex/latex/lipsum/lipsum.sty
Package: lipsum 2021-09-20 v2.7 150 paragraphs of Lorem Ipsum dummy text
\g__lipsum_par_int=\count350
\l__lipsum_a_int=\count351
\l__lipsum_b_int=\count352
 (/usr/share/texlive/texmf-dist/tex/latex/lipsum/lipsum.ltd.tex)) (/usr/share/texlive/texmf-dist/tex/latex/needspace/needspace.sty
Package: needspace 2010/09/12 v1.3d reserve vertical space
) (./fcte_template.aux)
\openout1 = `fcte_template.aux'.

LaTeX Font Info:    Checking defaults for OML/cmm/m/it on input line 74.
LaTeX Font Info:    ... okay on input line 74.
LaTeX Font Info:    Checking defaults for OMS/cmsy/m/n on input line 74.
LaTeX Font Info:    ... okay on input line 74.
LaTeX Font Info:    Checking defaults for OT1/cmr/m/n on input line 74.
LaTeX Font Info:    ... okay on input line 74.
LaTeX Font Info:    Checking defaults for T1/cmr/m/n on input line 74.
LaTeX Font Info:    ... okay on input line 74.
LaTeX Font Info:    Checking defaults for TS1/cmr/m/n on input line 74.
LaTeX Font Info:    ... okay on input line 74.
LaTeX Font Info:    Checking defaults for OMX/cmex/m/n on input line 74.
LaTeX Font Info:    ... okay on input line 74.
LaTeX Font Info:    Checking defaults for U/cmr/m/n on input line 74.
LaTeX Font Info:    ... okay on input line 74.
LaTeX Font Info:    Checking defaults for PD1/pdf/m/n on input line 74.
LaTeX Font Info:    ... okay on input line 74.
LaTeX Font Info:    Checking defaults for PU/pdf/m/n on input line 74.
LaTeX Font Info:    ... okay on input line 74.
 (/usr/share/texlive/texmf-dist/tex/context/base/mkii/supp-pdf.mkii
[Loading MPS to PDF converter (version 2006.09.02).]
\scratchcounter=\count353
\scratchdimen=\dimen327
\scratchbox=\box126
\nofMPsegments=\count354
\nofMParguments=\count355
\everyMPshowfont=\toks49
\MPscratchCnt=\count356
\MPscratchDim=\dimen328
\MPnumerator=\count357
\makeMPintoPDFobject=\count358
\everyMPtoPDFconversion=\toks50
) (/usr/share/texlive/texmf-dist/tex/latex/epstopdf-pkg/epstopdf-base.sty
Package: epstopdf-base 2020-01-24 v2.11 Base part for package epstopdf
Package epstopdf-base Info: Redefining graphics rule for `.eps' on input line 485.
 (/usr/share/texlive/texmf-dist/tex/latex/latexconfig/epstopdf-sys.cfg
File: epstopdf-sys.cfg 2010/07/13 v1.3 Configuration of (r)epstopdf for TeX Live
))
*geometry* driver: auto-detecting
*geometry* detected driver: pdftex
*geometry* verbose mode - [ preamble ] result:
* driver: pdftex
* paper: a4paper
* layout: <same size as paper>
* layoutoffset:(h,v)=(0.0pt,0.0pt)
* modes: 
* h-part:(L,W,R)=(72.26999pt, 452.9679pt, 72.26999pt)
* v-part:(T,H,B)=(72.26999pt, 700.50687pt, 72.26999pt)
* \paperwidth=597.50787pt
* \paperheight=845.04684pt
* \textwidth=452.9679pt
* \textheight=700.50687pt
* \oddsidemargin=0.0pt
* \evensidemargin=0.0pt
* \topmargin=-37.0pt
* \headheight=12.0pt
* \headsep=25.0pt
* \topskip=12.0pt
* \footskip=30.0pt
* \marginparwidth=35.0pt
* \marginparsep=10.0pt
* \columnsep=10.0pt
* \skip\footins=10.8pt plus 4.0pt minus 2.0pt
* \hoffset=0.0pt
* \voffset=0.0pt
* \mag=1000
* \@twocolumnfalse
* \@twosidefalse
* \@mparswitchfalse
* \@reversemarginfalse
* (1in=72.27pt=25.4mm, 1cm=28.453pt)

Package caption Info: Begin \AtBeginDocument code.
Package caption Info: hyperref package is loaded.
Package caption Info: End \AtBeginDocument code.
Package hyperref Info: Link coloring ON on input line 74.
(./fcte_template.out) (./fcte_template.out)
\@outlinefile=\write4
\openout4 = `fcte_template.out'.

<capa.pdf, id=380, 597.50829pt x 845.0471pt>
File: capa.pdf Graphic file (type pdf)
<use capa.pdf>
Package pdftex.def Info: capa.pdf  used on input line 76.
(pdftex.def)             Requested size: 597.50682pt x 845.04504pt.
File: capa.pdf Graphic file (type pdf)
<use capa.pdf>
Package pdftex.def Info: capa.pdf  used on input line 76.
(pdftex.def)             Requested size: 597.50682pt x 845.04504pt.
<capa.pdf, id=383, page=1, 597.50829pt x 845.0471pt>
File: capa.pdf Graphic file (type pdf)
<use capa.pdf, page 1>
Package pdftex.def Info: capa.pdf , page1 used on input line 76.
(pdftex.def)             Requested size: 597.50682pt x 845.04504pt.
File: capa.pdf Graphic file (type pdf)
<use capa.pdf, page 1>
Package pdftex.def Info: capa.pdf , page1 used on input line 76.
(pdftex.def)             Requested size: 597.50682pt x 845.04504pt.
File: capa.pdf Graphic file (type pdf)
<use capa.pdf, page 1>
Package pdftex.def Info: capa.pdf , page1 used on input line 76.
(pdftex.def)             Requested size: 597.50682pt x 845.04504pt.
File: capa.pdf Graphic file (type pdf)
<use capa.pdf, page 1>
Package pdftex.def Info: capa.pdf , page1 used on input line 76.
(pdftex.def)             Requested size: 597.50682pt x 845.04504pt.
LaTeX Font Info:    Trying to load font information for T1+cmss on input line 76.
 (/usr/share/texlive/texmf-dist/tex/latex/base/t1cmss.fd
File: t1cmss.fd 2023/04/13 v2.5m Standard LaTeX font definitions
)
File: capa.pdf Graphic file (type pdf)
<use capa.pdf, page 1>
Package pdftex.def Info: capa.pdf , page1 used on input line 76.
(pdftex.def)             Requested size: 597.50682pt x 845.04504pt.
 [1


{/var/lib/texmf/fonts/map/pdftex/updmap/pdftex.map} <./capa.pdf>]
LaTeX Font Info:    Trying to load font information for U+msa on input line 76.
 (/usr/share/texlive/texmf-dist/tex/latex/amsfonts/umsa.fd
File: umsa.fd 2013/01/14 v3.01 AMS symbols A
)
LaTeX Font Info:    Trying to load font information for U+msb on input line 76.
 (/usr/share/texlive/texmf-dist/tex/latex/amsfonts/umsb.fd
File: umsb.fd 2013/01/14 v3.01 AMS symbols B
) [2

] [3

]
*geometry* verbose mode - [ newgeometry ] result:
* driver: pdftex
* paper: a4paper
* layout: <same size as paper>
* layoutoffset:(h,v)=(0.0pt,0.0pt)
* modes: 
* h-part:(L,W,R)=(72.26999pt, 452.9679pt, 72.26999pt)
* v-part:(T,H,B)=(28.90755pt, 765.55052pt, 50.58878pt)
* \paperwidth=597.50787pt
* \paperheight=845.04684pt
* \textwidth=452.9679pt
* \textheight=765.55052pt
* \oddsidemargin=0.0pt
* \evensidemargin=0.0pt
* \topmargin=-80.36244pt
* \headheight=12.0pt
* \headsep=25.0pt
* \topskip=12.0pt
* \footskip=30.0pt
* \marginparwidth=35.0pt
* \marginparsep=10.0pt
* \columnsep=10.0pt
* \skip\footins=10.8pt plus 4.0pt minus 2.0pt
* \hoffset=0.0pt
* \voffset=0.0pt
* \mag=1000
* \@twocolumnfalse
* \@twosidefalse
* \@mparswitchfalse
* \@reversemarginfalse
* (1in=72.27pt=25.4mm, 1cm=28.453pt)


Overfull \hbox (33.75089pt too wide) in paragraph at lines 76--76
[] 
 []


Underfull \hbox (badness 10000) in paragraph at lines 76--76

 []

[4


]
*geometry* verbose mode - [ newgeometry ] result:
* driver: pdftex
* paper: a4paper
* layout: <same size as paper>
* layoutoffset:(h,v)=(0.0pt,0.0pt)
* modes: 
* h-part:(L,W,R)=(65.04256pt, 467.42276pt, 65.04256pt)
* v-part:(T,H,B)=(65.04256pt, 722.18808pt, 57.81621pt)
* \paperwidth=597.50787pt
* \paperheight=845.04684pt
* \textwidth=467.42276pt
* \textheight=722.18808pt
* \oddsidemargin=-7.22743pt
* \evensidemargin=-7.22743pt
* \topmargin=-44.22743pt
* \headheight=12.0pt
* \headsep=25.0pt
* \topskip=12.0pt
* \footskip=30.0pt
* \marginparwidth=35.0pt
* \marginparsep=10.0pt
* \columnsep=10.0pt
* \skip\footins=10.8pt plus 4.0pt minus 2.0pt
* \hoffset=0.0pt
* \voffset=0.0pt
* \mag=1000
* \@twocolumnfalse
* \@twosidefalse
* \@mparswitchfalse
* \@reversemarginfalse
* (1in=72.27pt=25.4mm, 1cm=28.453pt)

 [5


] [6]
pdfTeX warning (ext4): destination with the same identifier (name{page.i}) has been already used, duplicate ignored
<to be read again> 
                   \relax 
l.147 
       [1


]
pdfTeX warning (ext4): destination with the same identifier (name{page.ii}) has been already used, duplicate ignored
<to be read again> 
                   \relax 
l.150 \end{abstract}
                     [2] (./fcte_template.toc
pdfTeX warning (ext4): destination with the same identifier (name{page.i}) has been already used, duplicate ignored
<to be read again> 
                   \relax 
l.27 ...iltragem analĂłgica}{25}{subsection.2.4.1}
                                                  % [1

]
pdfTeX warning (ext4): destination with the same identifier (name{page.ii}) has been already used, duplicate ignored
<to be read again> 
                   \relax 
l.59 ...s dados por USB CDC}{45}{subsection.3.5.6}
                                                  % [2]
pdfTeX warning (ext4): destination with the same identifier (name{page.iii}) has been already used, duplicate ignored
<to be read again> 
                   \relax 
l.82 ... e da comunicaĂ§ĂŁo}{66}{subsection.4.2.2}
                                                  % [3]
pdfTeX warning (ext4): destination with the same identifier (name{page.iv}) has been already used, duplicate ignored
<to be read again> 
                   \relax 
l.126 ...tetura multicanal}{127}{subsection.4.6.2}
                                                  % [4])
\tf@toc=\write5
\openout5 = `fcte_template.toc'.


pdfTeX warning (ext4): destination with the same identifier (name{page.v}) has been already used, duplicate ignored
<to be read again> 
                   \relax 
l.152 \indice
              [5] (./fcte_template.lot
pdfTeX warning (ext4): destination with the same identifier (name{page.vi}) has been already used, duplicate ignored
<to be read again> 
                   \relax 
l.23 ...gicos adquiridos.}}{124}{table.caption.63}
                                                  % [6

])
\tf@lot=\write6
\openout6 = `fcte_template.lot'.

 [7] (./fcte_template.lof [8

] [9])
\tf@lof=\write7
\openout7 = `fcte_template.lof'.

 [10] [11

]
Cap\'{\i }tulo 1.
[1


] [2] [3] [4] [5] [6] [7] [8]
Cap\'{\i }tulo 2.
[9

]
<figuras/figura_dois_sinais.png, id=833, 767.0256pt x 355.0866pt>
File: figuras/figura_dois_sinais.png Graphic file (type png)
<use figuras/figura_dois_sinais.png>
Package pdftex.def Info: figuras/figura_dois_sinais.png  used on input line 305.
(pdftex.def)             Requested size: 452.9679pt x 209.69974pt.
 [10 <./figuras/figura_dois_sinais.png>] [11] [12] [13] [14] [15]
<figuras/ilustracao_ecg_ciclo_single.png, id=902, 1129.21875pt x 677.53125pt>
File: figuras/ilustracao_ecg_ciclo_single.png Graphic file (type png)
<use figuras/ilustracao_ecg_ciclo_single.png>
Package pdftex.def Info: figuras/ilustracao_ecg_ciclo_single.png  used on input line 391.
(pdftex.def)             Requested size: 452.9679pt x 271.78307pt.
 [16 <./figuras/ilustracao_ecg_ciclo_single.png>] [17] [18] [19] [20] [21] [22] [23

] [24] [25

] [26] [27]
Cap\'{\i }tulo 3.
[28

]
<figuras/arquitetura_sistema.png, id=1033, 741.77126pt x 648.4225pt>
File: figuras/arquitetura_sistema.png Graphic file (type png)
<use figuras/arquitetura_sistema.png>
Package pdftex.def Info: figuras/arquitetura_sistema.png  used on input line 606.
(pdftex.def)             Requested size: 452.9679pt x 395.97249pt.
 [29 <./figuras/arquitetura_sistema.png>] [30] [31] [32] [33] [34] [35] [36]
<figuras/montagem_ads1256_stm32_tft.png, id=1095, 277.2759pt x 198.2607pt>
File: figuras/montagem_ads1256_stm32_tft.png Graphic file (type png)
<use figuras/montagem_ads1256_stm32_tft.png>
Package pdftex.def Info: figuras/montagem_ads1256_stm32_tft.png  used on input line 820.
(pdftex.def)             Requested size: 339.72592pt x 242.93349pt.
 [37]
<figuras/montagem_raspberry_interface.jpg, id=1101, 4015.0pt x 3011.25pt>
File: figuras/montagem_raspberry_interface.jpg Graphic file (type jpg)
<use figuras/montagem_raspberry_interface.jpg>
Package pdftex.def Info: figuras/montagem_raspberry_interface.jpg  used on input line 831.
(pdftex.def)             Requested size: 385.02547pt x 288.73671pt.
 [38 <./figuras/montagem_ads1256_stm32_tft.png>] [39 <./figuras/montagem_raspberry_interface.jpg>]
LaTeX Font Info:    Trying to load font information for T1+cmtt on input line 850.
 (/usr/share/texlive/texmf-dist/tex/latex/base/t1cmtt.fd
File: t1cmtt.fd 2023/04/13 v2.5m Standard LaTeX font definitions
) [40] [41] [42] [43] [44] [45] [46] [47] [48] [49] [50] [51]
<figuras/montagem_bancada_validacao.jpeg, id=1181, 251.4996pt x 249.0906pt>
File: figuras/montagem_bancada_validacao.jpeg Graphic file (type jpg)
<use figuras/montagem_bancada_validacao.jpeg>
Package pdftex.def Info: figuras/montagem_bancada_validacao.jpeg  used on input line 1171.
(pdftex.def)             Requested size: 416.72963pt x 412.78712pt.
 [52] [53 <./figuras/montagem_bancada_validacao.jpeg>] [54] [55] [56] [57] [58] [59]
Cap\'{\i }tulo 4.
[60

]
Underfull \hbox (badness 10000) in paragraph at lines 1417--1417
[]|\T1/cmr/bx/n/10.95 Sinais
 []


Underfull \hbox (badness 10000) in paragraph at lines 1417--1417
[]|\T1/cmr/m/n/10.95 Senoides de
 []


Underfull \hbox (badness 10000) in paragraph at lines 1417--1417
\T1/cmr/m/n/10.95 100 Hz e
 []


Underfull \hbox (badness 2980) in paragraph at lines 1417--1417
\T1/cmr/m/n/10.95 mento em frequęn-cias
 []


Underfull \hbox (badness 10000) in paragraph at lines 1417--1417
[]|\T1/cmr/m/n/10.95 Ondas qua-
 []


Underfull \hbox (badness 10000) in paragraph at lines 1417--1417
\T1/cmr/m/n/10.95 dra-das de
 []


Underfull \hbox (badness 5091) in paragraph at lines 1417--1417
\T1/cmr/m/n/10.95 com-po-nen-tes harmô-ni-
 []


Underfull \hbox (badness 3375) in paragraph at lines 1417--1417
[]|\T1/cmr/m/n/10.95 Multitom de
 []


Underfull \hbox (badness 10000) in paragraph at lines 1417--1417
[]|\T1/cmr/m/n/10.95 Dois ca-nais
 []

[61] [62] [63]
<figuras/prototipo_final_plataforma_portatil.jpg, id=1241, 3083.52pt x 3083.52pt>
File: figuras/prototipo_final_plataforma_portatil.jpg Graphic file (type jpg)
<use figuras/prototipo_final_plataforma_portatil.jpg>
Package pdftex.def Info: figuras/prototipo_final_plataforma_portatil.jpg  used on input line 1504.
(pdftex.def)             Requested size: 398.61395pt x 398.61325pt.
 [64] [65 <./figuras/prototipo_final_plataforma_portatil.jpg>] [66] [67]
<figuras/print_aquisicao.png, id=1266, 1445.4pt x 813.0375pt>
File: figuras/print_aquisicao.png Graphic file (type png)
<use figuras/print_aquisicao.png>
Package pdftex.def Info: figuras/print_aquisicao.png  used on input line 1560.
(pdftex.def)             Requested size: 452.9679pt x 254.79314pt.
 [68] [69 <./figuras/print_aquisicao.png>] [70] [71]
<figuras/figura_amostragem_100Hz.png, id=1287, 633.8079pt x 308.1111pt>
File: figuras/figura_amostragem_100Hz.png Graphic file (type png)
<use figuras/figura_amostragem_100Hz.png>
Package pdftex.def Info: figuras/figura_amostragem_100Hz.png  used on input line 1685.
(pdftex.def)             Requested size: 407.66833pt x 198.18242pt.
<figuras/figura_amostragem_450Hz.png, id=1288, 641.9985pt x 308.1111pt>
File: figuras/figura_amostragem_450Hz.png Graphic file (type png)
<use figuras/figura_amostragem_450Hz.png>
Package pdftex.def Info: figuras/figura_amostragem_450Hz.png  used on input line 1691.
(pdftex.def)             Requested size: 407.66833pt x 195.65776pt.
 [72] [73 <./figuras/figura_amostragem_100Hz.png> <./figuras/figura_amostragem_450Hz.png>]
<figuras/figura_tempo_comparativo_100Hz_450Hz.png, id=1302, 706.3188pt x 322.5651pt>
File: figuras/figura_tempo_comparativo_100Hz_450Hz.png Graphic file (type png)
<use figuras/figura_tempo_comparativo_100Hz_450Hz.png>
Package pdftex.def Info: figuras/figura_tempo_comparativo_100Hz_450Hz.png  used on input line 1706.
(pdftex.def)             Requested size: 452.9679pt x 206.86423pt.
<figuras/osciloscopio_senoides_100Hz_450Hz.png, id=1306, 401.5pt x 240.9pt>
File: figuras/osciloscopio_senoides_100Hz_450Hz.png Graphic file (type png)
<use figuras/osciloscopio_senoides_100Hz_450Hz.png>
Package pdftex.def Info: figuras/osciloscopio_senoides_100Hz_450Hz.png  used on input line 1746.
(pdftex.def)             Requested size: 407.66833pt x 244.61934pt.
<figuras/osciloscopio_medidas_100Hz.png, id=1307, 401.5pt x 240.9pt>
File: figuras/osciloscopio_medidas_100Hz.png Graphic file (type png)
<use figuras/osciloscopio_medidas_100Hz.png>
Package pdftex.def Info: figuras/osciloscopio_medidas_100Hz.png  used on input line 1767.
(pdftex.def)             Requested size: 407.66833pt x 244.61934pt.
<figuras/osciloscopio_medidas_450Hz.png, id=1308, 401.5pt x 240.9pt>
File: figuras/osciloscopio_medidas_450Hz.png Graphic file (type png)
<use figuras/osciloscopio_medidas_450Hz.png>
Package pdftex.def Info: figuras/osciloscopio_medidas_450Hz.png  used on input line 1777.
(pdftex.def)             Requested size: 407.66833pt x 244.61934pt.
 [74 <./figuras/figura_tempo_comparativo_100Hz_450Hz.png>] [75 <./figuras/osciloscopio_senoides_100Hz_450Hz.png>] [76 <./figuras/osciloscopio_medidas_100Hz.png> <./figuras/osciloscopio_medidas_450Hz.png>]
Underfull \hbox (badness 2057) in paragraph at lines 1804--1805
[]\T1/cmr/m/n/12 A aná-lise es-pec-tral iden-ti-fi-cou com-po-nen-tes fun-da-men-tais em 99,9963 Hz e
 []

<figuras/figura_espectro_linear_100Hz_450Hz.png, id=1326, 704.3916pt x 322.3242pt>
File: figuras/figura_espectro_linear_100Hz_450Hz.png Graphic file (type png)
<use figuras/figura_espectro_linear_100Hz_450Hz.png>
Package pdftex.def Info: figuras/figura_espectro_linear_100Hz_450Hz.png  used on input line 1814.
(pdftex.def)             Requested size: 407.66833pt x 186.54977pt.
<figuras/figura_espectro_dbc_100Hz_450Hz.png, id=1327, 704.8734pt x 322.3242pt>
File: figuras/figura_espectro_dbc_100Hz_450Hz.png Graphic file (type png)
<use figuras/figura_espectro_dbc_100Hz_450Hz.png>
Package pdftex.def Info: figuras/figura_espectro_dbc_100Hz_450Hz.png  used on input line 1823.
(pdftex.def)             Requested size: 407.66833pt x 186.4219pt.
[77] [78 <./figuras/figura_espectro_linear_100Hz_450Hz.png> <./figuras/figura_espectro_dbc_100Hz_450Hz.png>] [79] [80]
<figuras/figura_tempo_5Hz.png, id=1351, 669.9429pt x 315.3381pt>
File: figuras/figura_tempo_5Hz.png Graphic file (type png)
<use figuras/figura_tempo_5Hz.png>
Package pdftex.def Info: figuras/figura_tempo_5Hz.png  used on input line 1916.
(pdftex.def)             Requested size: 407.66833pt x 191.88441pt.
<figuras/figura_tempo_50Hz.png, id=1352, 669.9429pt x 315.3381pt>
File: figuras/figura_tempo_50Hz.png Graphic file (type png)
<use figuras/figura_tempo_50Hz.png>
Package pdftex.def Info: figuras/figura_tempo_50Hz.png  used on input line 1925.
(pdftex.def)             Requested size: 407.66833pt x 191.88441pt.
<figuras/figura_tempo_comparativo_5Hz_50Hz.png, id=1354, 742.2129pt x 329.7921pt>
File: figuras/figura_tempo_comparativo_5Hz_50Hz.png Graphic file (type png)
<use figuras/figura_tempo_comparativo_5Hz_50Hz.png>
Package pdftex.def Info: figuras/figura_tempo_comparativo_5Hz_50Hz.png  used on input line 1940.
(pdftex.def)             Requested size: 452.9679pt x 201.27351pt.
 [81] [82 <./figuras/figura_tempo_5Hz.png> <./figuras/figura_tempo_50Hz.png>] [83 <./figuras/figura_tempo_comparativo_5Hz_50Hz.png>] [84]
Overfull \hbox (5.03209pt too wide) in alignment at lines 2012--2012
[][][][][] 
 []

<figuras/figura_espectro_linear_5Hz_50Hz.png, id=1380, 740.2857pt x 329.5512pt>
File: figuras/figura_espectro_linear_5Hz_50Hz.png Graphic file (type png)
<use figuras/figura_espectro_linear_5Hz_50Hz.png>
Package pdftex.def Info: figuras/figura_espectro_linear_5Hz_50Hz.png  used on input line 2028.
(pdftex.def)             Requested size: 407.66833pt x 181.47998pt.
<figuras/figura_espectro_dbc_5Hz_50Hz.png, id=1381, 740.7675pt x 329.5512pt>
File: figuras/figura_espectro_dbc_5Hz_50Hz.png Graphic file (type png)
<use figuras/figura_espectro_dbc_5Hz_50Hz.png>
Package pdftex.def Info: figuras/figura_espectro_dbc_5Hz_50Hz.png  used on input line 2037.
(pdftex.def)             Requested size: 407.66833pt x 181.36433pt.
<figuras/figura_harmonicas_impares_5Hz_50Hz.png, id=1383, 669.702pt x 322.806pt>
File: figuras/figura_harmonicas_impares_5Hz_50Hz.png Graphic file (type png)
<use figuras/figura_harmonicas_impares_5Hz_50Hz.png>
Package pdftex.def Info: figuras/figura_harmonicas_impares_5Hz_50Hz.png  used on input line 2057.
(pdftex.def)             Requested size: 452.9679pt x 218.3378pt.

Overfull \hbox (14.64526pt too wide) in paragraph at lines 2077--2097
 [][] 
 []

[85] [86 <./figuras/figura_espectro_linear_5Hz_50Hz.png> <./figuras/figura_espectro_dbc_5Hz_50Hz.png>] [87 <./figuras/figura_harmonicas_impares_5Hz_50Hz.png>] [88]
<figuras/configuracao_gerador_multitom_sinc.jpg, id=1407, 5491.51625pt x 3390.6675pt>
File: figuras/configuracao_gerador_multitom_sinc.jpg Graphic file (type jpg)
<use figuras/configuracao_gerador_multitom_sinc.jpg>
Package pdftex.def Info: figuras/configuracao_gerador_multitom_sinc.jpg  used on input line 2136.
(pdftex.def)             Requested size: 371.43698pt x 229.29994pt.
<figuras/osciloscopio_multitom_sinc.png, id=1409, 401.5pt x 240.9pt>
File: figuras/osciloscopio_multitom_sinc.png Graphic file (type png)
<use figuras/osciloscopio_multitom_sinc.png>
Package pdftex.def Info: figuras/osciloscopio_multitom_sinc.png  used on input line 2150.
(pdftex.def)             Requested size: 308.01485pt x 184.82088pt.
 [89 <./figuras/configuracao_gerador_multitom_sinc.jpg>]
<figuras/figura_multitom_tempo.png, id=1416, 706.0779pt x 329.7921pt>
File: figuras/figura_multitom_tempo.png Graphic file (type png)
<use figuras/figura_multitom_tempo.png>
Package pdftex.def Info: figuras/figura_multitom_tempo.png  used on input line 2171.
(pdftex.def)             Requested size: 452.9679pt x 211.57446pt.
 [90 <./figuras/osciloscopio_multitom_sinc.png>]
<figuras/osciloscopio_multitom_detalhado.png, id=1424, 401.5pt x 240.9pt>
File: figuras/osciloscopio_multitom_detalhado.png Graphic file (type png)
<use figuras/osciloscopio_multitom_detalhado.png>
Package pdftex.def Info: figuras/osciloscopio_multitom_detalhado.png  used on input line 2189.
(pdftex.def)             Requested size: 308.01485pt x 184.82088pt.
 [91 <./figuras/figura_multitom_tempo.png>]
<figuras/figura_multitom_espectro.png, id=1432, 704.3916pt x 329.5512pt>
File: figuras/figura_multitom_espectro.png Graphic file (type png)
<use figuras/figura_multitom_espectro.png>
Package pdftex.def Info: figuras/figura_multitom_espectro.png  used on input line 2208.
(pdftex.def)             Requested size: 452.9679pt x 211.92276pt.
<figuras/figura_multitom_componentes_relativas.png, id=1433, 669.9429pt x 329.5512pt>
File: figuras/figura_multitom_componentes_relativas.png Graphic file (type png)
<use figuras/figura_multitom_componentes_relativas.png>
Package pdftex.def Info: figuras/figura_multitom_componentes_relativas.png  used on input line 2223.
(pdftex.def)             Requested size: 452.9679pt x 222.81961pt.
 [92 <./figuras/osciloscopio_multitom_detalhado.png>] [93 <./figuras/figura_multitom_espectro.png> <./figuras/figura_multitom_componentes_relativas.png>] [94]
<figuras/figura_sinc_tempo.png, id=1452, 706.0779pt x 329.5512pt>
File: figuras/figura_sinc_tempo.png Graphic file (type png)
<use figuras/figura_sinc_tempo.png>
Package pdftex.def Info: figuras/figura_sinc_tempo.png  used on input line 2303.
(pdftex.def)             Requested size: 452.9679pt x 211.4199pt.
 [95]
<figuras/osciloscopio_sinc_detalhado.png, id=1458, 401.5pt x 240.9pt>
File: figuras/osciloscopio_sinc_detalhado.png Graphic file (type png)
<use figuras/osciloscopio_sinc_detalhado.png>
Package pdftex.def Info: figuras/osciloscopio_sinc_detalhado.png  used on input line 2323.
(pdftex.def)             Requested size: 308.01485pt x 184.82088pt.
 [96 <./figuras/figura_sinc_tempo.png>] [97 <./figuras/osciloscopio_sinc_detalhado.png>]
<figuras/figura_sinc_espectro.png, id=1471, 704.3916pt x 329.5512pt>
File: figuras/figura_sinc_espectro.png Graphic file (type png)
<use figuras/figura_sinc_espectro.png>
Package pdftex.def Info: figuras/figura_sinc_espectro.png  used on input line 2360.
(pdftex.def)             Requested size: 452.9679pt x 211.92276pt.
 [98 <./figuras/figura_sinc_espectro.png>]
<figuras/figura_sinc_componentes_relativas.png, id=1479, 669.9429pt x 329.5512pt>
File: figuras/figura_sinc_componentes_relativas.png Graphic file (type png)
<use figuras/figura_sinc_componentes_relativas.png>
Package pdftex.def Info: figuras/figura_sinc_componentes_relativas.png  used on input line 2378.
(pdftex.def)             Requested size: 452.9679pt x 222.81961pt.

Underfull \hbox (badness 10000) in paragraph at lines 2409--2409
[]|\T1/cmr/bx/n/10.95 Frequęncia
 []


Underfull \hbox (badness 10000) in paragraph at lines 2409--2409
[]|\T1/cmr/bx/n/10.95 Frequęncia
 []


Underfull \hbox (badness 10000) in paragraph at lines 2409--2409
[]|\T1/cmr/bx/n/10.95 Amplitude
 []

[99 <./figuras/figura_sinc_componentes_relativas.png>] [100] [101]
Underfull \hbox (badness 3780) in paragraph at lines 2517--2517
[]|\T1/cmr/m/n/10.95 Senoide de
 []


Overfull \hbox (3.55424pt too wide) in paragraph at lines 2517--2517
[]|$\OMS/cmsy/m/n/10.95 ^^@\OT1/cmr/m/n/10.95 0\OML/cmm/m/it/10.95 ; \OT1/cmr/m/n/10.95 00365$| 
 []


Underfull \hbox (badness 3780) in paragraph at lines 2517--2517
[]|\T1/cmr/m/n/10.95 Senoide de
 []


Overfull \hbox (3.55424pt too wide) in paragraph at lines 2517--2517
[]|$\OMS/cmsy/m/n/10.95 ^^@\OT1/cmr/m/n/10.95 0\OML/cmm/m/it/10.95 ; \OT1/cmr/m/n/10.95 00366$| 
 []


Underfull \hbox (badness 4391) in paragraph at lines 2517--2517
[]|\T1/cmr/m/n/10.95 Onda qua-
 []


Underfull \hbox (badness 10000) in paragraph at lines 2517--2517
\T1/cmr/m/n/10.95 drada de
 []


Overfull \hbox (3.55424pt too wide) in paragraph at lines 2517--2517
[]|$\OMS/cmsy/m/n/10.95 ^^@\OT1/cmr/m/n/10.95 0\OML/cmm/m/it/10.95 ; \OT1/cmr/m/n/10.95 00101$| 
 []


Underfull \hbox (badness 4391) in paragraph at lines 2517--2517
[]|\T1/cmr/m/n/10.95 Onda qua-
 []


Underfull \hbox (badness 10000) in paragraph at lines 2517--2517
\T1/cmr/m/n/10.95 drada de
 []


Overfull \hbox (3.55424pt too wide) in paragraph at lines 2517--2517
[]|$\OMS/cmsy/m/n/10.95 ^^@\OT1/cmr/m/n/10.95 0\OML/cmm/m/it/10.95 ; \OT1/cmr/m/n/10.95 00072$| 
 []


Overfull \hbox (3.55424pt too wide) in paragraph at lines 2517--2517
[]|$\OMS/cmsy/m/n/10.95 ^^@\OT1/cmr/m/n/10.95 0\OML/cmm/m/it/10.95 ; \OT1/cmr/m/n/10.95 00371$| 
 []


Underfull \hbox (badness 3240) in paragraph at lines 2517--2517
[]|\T1/cmr/m/n/10.95 Sinc pe-rió-
 []


Overfull \hbox (3.55424pt too wide) in paragraph at lines 2517--2517
[]|$\OMS/cmsy/m/n/10.95 ^^@\OT1/cmr/m/n/10.95 0\OML/cmm/m/it/10.95 ; \OT1/cmr/m/n/10.95 00369$| 
 []

[102] [103


] [104]
Underfull \hbox (badness 10000) in paragraph at lines 2590--2590
[]|\T1/cmr/bx/n/10.95 Ondas qua-dra-
 []

[105] [106] [107] [108]
<figuras/figura_multicanal_ecg1_ecg2_ppg.png, id=1531, 778.5888pt x 358.7001pt>
File: figuras/figura_multicanal_ecg1_ecg2_ppg.png Graphic file (type png)
<use figuras/figura_multicanal_ecg1_ecg2_ppg.png>
Package pdftex.def Info: figuras/figura_multicanal_ecg1_ecg2_ppg.png  used on input line 2743.
(pdftex.def)             Requested size: 452.9679pt x 208.68657pt.
 [109]
<figuras/figura_ecg1_bruto_filtrado.png, id=1538, 778.5888pt x 329.7921pt>
File: figuras/figura_ecg1_bruto_filtrado.png Graphic file (type png)
<use figuras/figura_ecg1_bruto_filtrado.png>
Package pdftex.def Info: figuras/figura_ecg1_bruto_filtrado.png  used on input line 2763.
(pdftex.def)             Requested size: 452.9679pt x 191.8683pt.
 [110 <./figuras/figura_multicanal_ecg1_ecg2_ppg.png>]
<figuras/figura_ecg1_picos_r.png, id=1546, 778.5888pt x 329.7921pt>
File: figuras/figura_ecg1_picos_r.png Graphic file (type png)
<use figuras/figura_ecg1_picos_r.png>
Package pdftex.def Info: figuras/figura_ecg1_picos_r.png  used on input line 2773.
(pdftex.def)             Requested size: 452.9679pt x 191.8683pt.
 [111 <./figuras/figura_ecg1_bruto_filtrado.png> <./figuras/figura_ecg1_picos_r.png>]
<figuras/figura_ecg1_template.png, id=1554, 670.1838pt x 329.5512pt>
File: figuras/figura_ecg1_template.png Graphic file (type png)
<use figuras/figura_ecg1_template.png>
Package pdftex.def Info: figuras/figura_ecg1_template.png  used on input line 2783.
(pdftex.def)             Requested size: 452.9679pt x 222.74419pt.
 [112 <./figuras/figura_ecg1_template.png>]
<figuras/figura_ecg1_espectro.png, id=1562, 706.3188pt x 329.5512pt>
File: figuras/figura_ecg1_espectro.png Graphic file (type png)
<use figuras/figura_ecg1_espectro.png>
Package pdftex.def Info: figuras/figura_ecg1_espectro.png  used on input line 2806.
(pdftex.def)             Requested size: 452.9679pt x 211.34448pt.
 [113 <./figuras/figura_ecg1_espectro.png>]
<figuras/figura_ecg2_bruto_filtrado.png, id=1569, 778.3479pt x 329.7921pt>
File: figuras/figura_ecg2_bruto_filtrado.png Graphic file (type png)
<use figuras/figura_ecg2_bruto_filtrado.png>
Package pdftex.def Info: figuras/figura_ecg2_bruto_filtrado.png  used on input line 2835.
(pdftex.def)             Requested size: 452.9679pt x 191.92366pt.
<figuras/figura_ecg2_picos_r.png, id=1571, 778.3479pt x 329.5512pt>
File: figuras/figura_ecg2_picos_r.png Graphic file (type png)
<use figuras/figura_ecg2_picos_r.png>
Package pdftex.def Info: figuras/figura_ecg2_picos_r.png  used on input line 2845.
(pdftex.def)             Requested size: 452.9679pt x 191.78346pt.
 [114] [115 <./figuras/figura_ecg2_bruto_filtrado.png> <./figuras/figura_ecg2_picos_r.png>]
<figuras/figura_ecg2_template.png, id=1585, 669.9429pt x 329.5512pt>
File: figuras/figura_ecg2_template.png Graphic file (type png)
<use figuras/figura_ecg2_template.png>
Package pdftex.def Info: figuras/figura_ecg2_template.png  used on input line 2855.
(pdftex.def)             Requested size: 452.9679pt x 222.81961pt.
 [116 <./figuras/figura_ecg2_template.png>]
<figuras/figura_ecg2_espectro.png, id=1593, 706.3188pt x 329.5512pt>
File: figuras/figura_ecg2_espectro.png Graphic file (type png)
<use figuras/figura_ecg2_espectro.png>
Package pdftex.def Info: figuras/figura_ecg2_espectro.png  used on input line 2876.
(pdftex.def)             Requested size: 452.9679pt x 211.34448pt.
<figuras/figura_comparacao_templates_ecg.png, id=1595, 669.9429pt x 329.5512pt>
File: figuras/figura_comparacao_templates_ecg.png Graphic file (type png)
<use figuras/figura_comparacao_templates_ecg.png>
Package pdftex.def Info: figuras/figura_comparacao_templates_ecg.png  used on input line 2893.
(pdftex.def)             Requested size: 452.9679pt x 222.81961pt.
 [117 <./figuras/figura_ecg2_espectro.png>] [118 <./figuras/figura_comparacao_templates_ecg.png>]
<figuras/figura_ppg_bruto_filtrado.png, id=1608, 778.5888pt x 329.7921pt>
File: figuras/figura_ppg_bruto_filtrado.png Graphic file (type png)
<use figuras/figura_ppg_bruto_filtrado.png>
Package pdftex.def Info: figuras/figura_ppg_bruto_filtrado.png  used on input line 2917.
(pdftex.def)             Requested size: 452.9679pt x 191.8683pt.
<figuras/figura_ppg_picos.png, id=1610, 778.5888pt x 329.7921pt>
File: figuras/figura_ppg_picos.png Graphic file (type png)
<use figuras/figura_ppg_picos.png>
Package pdftex.def Info: figuras/figura_ppg_picos.png  used on input line 2927.
(pdftex.def)             Requested size: 452.9679pt x 191.8683pt.
 [119 <./figuras/figura_ppg_bruto_filtrado.png>]
<figuras/figura_ppg_template.png, id=1618, 669.9429pt x 329.5512pt>
File: figuras/figura_ppg_template.png Graphic file (type png)
<use figuras/figura_ppg_template.png>
Package pdftex.def Info: figuras/figura_ppg_template.png  used on input line 2939.
(pdftex.def)             Requested size: 452.9679pt x 222.81961pt.
 [120 <./figuras/figura_ppg_picos.png> <./figuras/figura_ppg_template.png>]
<figuras/figura_ppg_espectro.png, id=1627, 706.3188pt x 329.5512pt>
File: figuras/figura_ppg_espectro.png Graphic file (type png)
<use figuras/figura_ppg_espectro.png>
Package pdftex.def Info: figuras/figura_ppg_espectro.png  used on input line 2958.
(pdftex.def)             Requested size: 452.9679pt x 211.34448pt.
 [121 <./figuras/figura_ppg_espectro.png>]
<figuras/figura_coerencia_ecg_ppg.png, id=1635, 778.3479pt x 329.7921pt>
File: figuras/figura_coerencia_ecg_ppg.png Graphic file (type png)
<use figuras/figura_coerencia_ecg_ppg.png>
Package pdftex.def Info: figuras/figura_coerencia_ecg_ppg.png  used on input line 2986.
(pdftex.def)             Requested size: 452.9679pt x 191.92366pt.
 [122] [123 <./figuras/figura_coerencia_ecg_ppg.png>] [124] [125] [126] [127] [128] [129] [130] [131]
Cap\'{\i }tulo 5.
[132

] [133] [134] [135] (./fcte_template.bbl [136] [137

] [138] [139] [140]) [141] 
enddocument/afterlastpage: lastpage setting LastPage.
(./fcte_template.aux)
 ***********
LaTeX2e <2023-11-01> patch level 1
L3 programming layer <2024-01-22>
 ***********
Package rerunfilecheck Info: File `fcte_template.out' has not changed.
(rerunfilecheck)             Checksum: 58AE865567B0B31E1981D42A88379A97;22607.
 ) 
Here is how much of TeX's memory you used:
 28267 strings out of 476162
 538596 string characters out of 5794814
 1946975 words of memory out of 5000000
 49304 multiletter control sequences out of 15000+600000
 585968 words of font info for 100 fonts, out of 8000000 for 9000
 24 hyphenation exceptions out of 8191
 99i,18n,145p,1526b,763s stack positions out of 10000i,1000n,20000p,200000b,200000s
 </home/davi/.texlive2023/texmf-var/fonts/pk/ljfour/jknappen/ec/ecrm0800.600pk> </tmp/texfonts/pk/ljfour/jknappen/ec/ectt1200.600pk> </tmp/texfonts/pk/ljfour/jknappen/ec/ecrm1000.600pk> </tmp/texfonts/pk/ljfour/jknappen/ec/ecti1000.600pk> </tmp/texfonts/pk/ljfour/jknappen/ec/ecbx1000.600pk> </tmp/texfonts/pk/ljfour/jknappen/ec/ecrm1095.600pk> </tmp/texfonts/pk/ljfour/jknappen/ec/ecbx1095.600pk> </tmp/texfonts/pk/ljfour/jknappen/ec/tcrm1200.600pk> </tmp/texfonts/pk/ljfour/jknappen/ec/ecsx1200.600pk> </tmp/texfonts/pk/ljfour/jknappen/ec/ecbx1440.600pk> </tmp/texfonts/pk/ljfour/jknappen/ec/ecxc1728.600pk> </tmp/texfonts/pk/ljfour/jknappen/ec/ecti1200.600pk> </tmp/texfonts/pk/ljfour/jknappen/ec/ecbx1200.600pk> </tmp/texfonts/pk/ljfour/jknappen/ec/ecxc1440.600pk> </tmp/texfonts/pk/ljfour/jknappen/ec/eccc1200.600pk> </tmp/texfonts/pk/ljfour/jknappen/ec/ecrm1200.600pk> </tmp/texfonts/pk/ljfour/jknappen/ec/ecxc1200.600pk> </tmp/texfonts/pk/ljfour/jknappen/ec/ecss1200.600pk></usr/share/texlive/texmf-dist/fonts/type1/public/amsfonts/cm/cmmi10.pfb></usr/share/texlive/texmf-dist/fonts/type1/public/amsfonts/cm/cmmi12.pfb></usr/share/texlive/texmf-dist/fonts/type1/public/amsfonts/cm/cmmi8.pfb></usr/share/texlive/texmf-dist/fonts/type1/public/amsfonts/cm/cmr10.pfb></usr/share/texlive/texmf-dist/fonts/type1/public/amsfonts/cm/cmr12.pfb></usr/share/texlive/texmf-dist/fonts/type1/public/amsfonts/cm/cmr7.pfb></usr/share/texlive/texmf-dist/fonts/type1/public/amsfonts/cm/cmr8.pfb></usr/share/texlive/texmf-dist/fonts/type1/public/amsfonts/cm/cmsy10.pfb></usr/share/texlive/texmf-dist/fonts/type1/public/amsfonts/cm/cmsy7.pfb></usr/share/texlive/texmf-dist/fonts/type1/public/amsfonts/cm/cmsy8.pfb>
Output written on fcte_template.pdf (160 pages, 24452633 bytes).
PDF statistics:
 2825 PDF objects out of 2984 (max. 8388607)
 1636 compressed objects within 17 object streams
 409 named destinations out of 1000 (max. 500000)
 1012 words of extra memory for PDF output out of 10000 (max. 10000000)

