\BOOKMARK [0][-]{chapter.1}{\376\377\000I\000n\000t\000r\000o\000d\000u\000\347\000\343\000o}{}% 1
\BOOKMARK [1][-]{section.1.1}{\376\377\000N\000e\000c\000e\000s\000s\000i\000d\000a\000d\000e\000\040\000d\000e\000\040\000m\000o\000n\000i\000t\000o\000r\000a\000m\000e\000n\000t\000o\000\040\000c\000o\000n\000t\000\355\000n\000u\000o\000\040\000d\000e\000\040\000s\000i\000n\000a\000i\000s\000\040\000f\000i\000s\000i\000o\000l\000\363\000g\000i\000c\000o\000s\000\040\000e\000m\000\040\000d\000i\000f\000e\000r\000e\000n\000t\000e\000s\000\040\000c\000o\000n\000t\000e\000x\000t\000o\000s}{chapter.1}% 2
\BOOKMARK [1][-]{section.1.2}{\376\377\000D\000e\000f\000i\000n\000i\000\347\000\343\000o\000\040\000d\000o\000\040\000p\000r\000o\000b\000l\000e\000m\000a}{chapter.1}% 3
\BOOKMARK [1][-]{section.1.3}{\376\377\000P\000r\000o\000p\000o\000s\000t\000a}{chapter.1}% 4
\BOOKMARK [2][-]{subsection.1.3.1}{\376\377\000C\000o\000n\000s\000i\000d\000e\000r\000a\000\347\000\365\000e\000s\000\040\000r\000e\000g\000u\000l\000a\000t\000\363\000r\000i\000a\000s\000\040\000e\000\040\000d\000e\000\040\000p\000r\000i\000v\000a\000c\000i\000d\000a\000d\000e}{section.1.3}% 5
\BOOKMARK [1][-]{section.1.4}{\376\377\000O\000b\000j\000e\000t\000i\000v\000o\000s}{chapter.1}% 6
\BOOKMARK [2][-]{subsection.1.4.1}{\376\377\000O\000b\000j\000e\000t\000i\000v\000o\000\040\000g\000e\000r\000a\000l}{section.1.4}% 7
\BOOKMARK [2][-]{subsection.1.4.2}{\376\377\000O\000b\000j\000e\000t\000i\000v\000o\000s\000\040\000e\000s\000p\000e\000c\000\355\000f\000i\000c\000o\000s}{section.1.4}% 8
\BOOKMARK [0][-]{chapter.2}{\376\377\000F\000u\000n\000d\000a\000m\000e\000n\000t\000a\000\347\000\343\000o\000\040\000T\000e\000\363\000r\000i\000c\000a}{}% 9
\BOOKMARK [1][-]{section.2.1}{\376\377\000F\000u\000n\000d\000a\000m\000e\000n\000t\000o\000s\000\040\000d\000a\000\040\000d\000i\000g\000i\000t\000a\000l\000i\000z\000a\000\347\000\343\000o\000\040\000d\000o\000\040\000s\000i\000n\000a\000l}{chapter.2}% 10
\BOOKMARK [2][-]{subsection.2.1.1}{\376\377\000A\000m\000o\000s\000t\000r\000a\000g\000e\000m\000\040\000d\000e\000\040\000s\000i\000n\000a\000i\000s}{section.2.1}% 11
\BOOKMARK [2][-]{subsection.2.1.2}{\376\377\000Q\000u\000a\000n\000t\000i\000z\000a\000\347\000\343\000o\000,\000\040\000r\000e\000s\000o\000l\000u\000\347\000\343\000o\000\040\000e\000\040\000r\000u\000\355\000d\000o\000\040\000d\000e\000\040\000q\000u\000a\000n\000t\000i\000z\000a\000\347\000\343\000o}{section.2.1}% 12
\BOOKMARK [2][-]{subsection.2.1.3}{\376\377\000T\000a\000x\000a\000\040\000d\000e\000\040\000a\000m\000o\000s\000t\000r\000a\000g\000e\000m\000\040\000e\000\040\000c\000o\000n\000t\000e\000\372\000d\000o\000\040\000e\000s\000p\000e\000c\000t\000r\000a\000l}{section.2.1}% 13
\BOOKMARK [1][-]{section.2.2}{\376\377\000I\000n\000t\000r\000o\000d\000u\000\347\000\343\000o\000\040\000\340\000\040\000a\000q\000u\000i\000s\000i\000\347\000\343\000o\000\040\000d\000e\000\040\000s\000i\000n\000a\000i\000s\000\040\000f\000i\000s\000i\000o\000l\000\363\000g\000i\000c\000o\000s}{chapter.2}% 14
\BOOKMARK [2][-]{subsection.2.2.1}{\376\377\000D\000e\000f\000i\000n\000i\000\347\000\343\000o\000\040\000e\000\040\000i\000m\000p\000o\000r\000t\000\342\000n\000c\000i\000a\000\040\000d\000o\000s\000\040\000s\000i\000n\000a\000i\000s\000\040\000f\000i\000s\000i\000o\000l\000\363\000g\000i\000c\000o\000s\000\040\000n\000a\000\040\000s\000a\000\372\000d\000e\000\040\000e\000\040\000n\000a\000\040\000p\000e\000s\000q\000u\000i\000s\000a}{section.2.2}% 15
\BOOKMARK [2][-]{subsection.2.2.2}{\376\377\000S\000i\000n\000a\000i\000s\000\040\000e\000m\000p\000r\000e\000g\000a\000d\000o\000s\000\040\000n\000a\000\040\000a\000v\000a\000l\000i\000a\000\347\000\343\000o\000\040\000e\000x\000p\000e\000r\000i\000m\000e\000n\000t\000a\000l}{section.2.2}% 16
\BOOKMARK [2][-]{subsection.2.2.3}{\376\377\000S\000i\000n\000a\000i\000s\000\040\000f\000i\000s\000i\000o\000l\000\363\000g\000i\000c\000o\000s\000\040\000c\000o\000n\000s\000i\000d\000e\000r\000a\000d\000o\000s\000\040\000p\000a\000r\000a\000\040\000e\000x\000p\000a\000n\000s\000\343\000o\000\040\000d\000a\000\040\000a\000r\000q\000u\000i\000t\000e\000t\000u\000r\000a}{section.2.2}% 17
\BOOKMARK [1][-]{section.2.3}{\376\377\000R\000e\000q\000u\000i\000s\000i\000t\000o\000s\000\040\000d\000e\000\040\000a\000q\000u\000i\000s\000i\000\347\000\343\000o\000\040\000d\000o\000s\000\040\000s\000i\000n\000a\000i\000s}{chapter.2}% 18
\BOOKMARK [1][-]{section.2.4}{\376\377\000C\000o\000n\000d\000i\000c\000i\000o\000n\000a\000m\000e\000n\000t\000o\000\040\000e\000\040\000f\000i\000l\000t\000r\000a\000g\000e\000m\000\040\000d\000e\000\040\000s\000i\000n\000a\000i\000s\000\040\000f\000i\000s\000i\000o\000l\000\363\000g\000i\000c\000o\000s}{chapter.2}% 19
\BOOKMARK [2][-]{subsection.2.4.1}{\376\377\000C\000o\000n\000d\000i\000c\000i\000o\000n\000a\000m\000e\000n\000t\000o\000\040\000e\000\040\000f\000i\000l\000t\000r\000a\000g\000e\000m\000\040\000a\000n\000a\000l\000\363\000g\000i\000c\000a}{section.2.4}% 20
\BOOKMARK [2][-]{subsection.2.4.2}{\376\377\000F\000i\000l\000t\000r\000a\000g\000e\000m\000\040\000d\000i\000g\000i\000t\000a\000l}{section.2.4}% 21
\BOOKMARK [0][-]{chapter.3}{\376\377\000M\000a\000t\000e\000r\000i\000a\000i\000s\000\040\000e\000\040\000M\000\351\000t\000o\000d\000o\000s}{}% 22
\BOOKMARK [1][-]{section.3.1}{\376\377\000V\000i\000s\000\343\000o\000\040\000g\000e\000r\000a\000l\000\040\000d\000o\000s\000\040\000M\000\351\000t\000o\000d\000o\000s\000\040\000P\000r\000o\000p\000o\000s\000t\000o\000s}{chapter.3}% 23
\BOOKMARK [1][-]{section.3.2}{\376\377\000A\000r\000q\000u\000i\000t\000e\000t\000u\000r\000a\000\040\000g\000e\000r\000a\000l\000\040\000d\000o\000\040\000s\000i\000s\000t\000e\000m\000a}{chapter.3}% 24
\BOOKMARK [1][-]{section.3.3}{\376\377\000E\000s\000p\000e\000c\000i\000f\000i\000c\000a\000\347\000\365\000e\000s\000\040\000e\000\040\000e\000s\000c\000o\000l\000h\000a\000s\000\040\000d\000o\000s\000\040\000m\000a\000t\000e\000r\000i\000a\000i\000s}{chapter.3}% 25
\BOOKMARK [2][-]{subsection.3.3.1}{\376\377\000M\000\363\000d\000u\000l\000o\000s\000\040\000d\000e\000\040\000a\000q\000u\000i\000s\000i\000\347\000\343\000o\000\040\000d\000o\000s\000\040\000s\000i\000n\000a\000i\000s}{section.3.3}% 26
\BOOKMARK [2][-]{subsection.3.3.2}{\376\377\000C\000o\000n\000v\000e\000r\000s\000o\000r\000\040\000A\000/\000D\000\040\000A\000D\000S\0001\0002\0005\0006}{section.3.3}% 27
\BOOKMARK [2][-]{subsection.3.3.3}{\376\377\000M\000i\000c\000r\000o\000c\000o\000n\000t\000r\000o\000l\000a\000d\000o\000r\000\040\000S\000T\000M\0003\0002\000\040\000B\000l\000a\000c\000k\000\040\000P\000i\000l\000l}{section.3.3}% 28
\BOOKMARK [2][-]{subsection.3.3.4}{\376\377\000R\000a\000s\000p\000b\000e\000r\000r\000y\000\040\000P\000i\000\040\000e\000\040\000i\000n\000t\000e\000r\000f\000a\000c\000e\000\040\000l\000o\000c\000a\000l}{section.3.3}% 29
\BOOKMARK [2][-]{subsection.3.3.5}{\376\377\000I\000n\000s\000t\000r\000u\000m\000e\000n\000t\000a\000\347\000\343\000o\000\040\000d\000e\000\040\000b\000a\000n\000c\000a\000d\000a}{section.3.3}% 30
\BOOKMARK [1][-]{section.3.4}{\376\377\000I\000n\000t\000e\000g\000r\000a\000\347\000\343\000o\000\040\000d\000o\000\040\000h\000a\000r\000d\000w\000a\000r\000e}{chapter.3}% 31
\BOOKMARK [2][-]{subsection.3.4.1}{\376\377\000I\000n\000t\000e\000g\000r\000a\000\347\000\343\000o\000\040\000d\000o\000s\000\040\000m\000\363\000d\000u\000l\000o\000s\000\040\000d\000e\000\040\000E\000C\000G\000\040\000e\000\040\000P\000P\000G}{section.3.4}% 32
\BOOKMARK [2][-]{subsection.3.4.2}{\376\377\000C\000o\000n\000f\000i\000g\000u\000r\000a\000\347\000\343\000o\000\040\000d\000a\000s\000\040\000e\000n\000t\000r\000a\000d\000a\000s\000\040\000d\000o\000\040\000A\000D\000S\0001\0002\0005\0006}{section.3.4}% 33
\BOOKMARK [2][-]{subsection.3.4.3}{\376\377\000C\000o\000m\000u\000n\000i\000c\000a\000\347\000\343\000o\000\040\000e\000n\000t\000r\000e\000\040\000o\000\040\000A\000D\000S\0001\0002\0005\0006\000\040\000e\000\040\000a\000\040\000S\000T\000M\0003\0002}{section.3.4}% 34
\BOOKMARK [2][-]{subsection.3.4.4}{\376\377\000A\000l\000i\000m\000e\000n\000t\000a\000\347\000\343\000o\000\040\000e\000\040\000r\000e\000f\000e\000r\000\352\000n\000c\000i\000a\000s\000\040\000e\000l\000\351\000t\000r\000i\000c\000a\000s}{section.3.4}% 35
\BOOKMARK [2][-]{subsection.3.4.5}{\376\377\000M\000o\000n\000t\000a\000g\000e\000m\000\040\000f\000\355\000s\000i\000c\000a\000\040\000d\000o\000\040\000p\000r\000o\000t\000\363\000t\000i\000p\000o}{section.3.4}% 36
\BOOKMARK [1][-]{section.3.5}{\376\377\000I\000m\000p\000l\000e\000m\000e\000n\000t\000a\000\347\000\343\000o\000\040\000d\000o\000\040\000f\000i\000r\000m\000w\000a\000r\000e}{chapter.3}% 37
\BOOKMARK [2][-]{subsection.3.5.1}{\376\377\000A\000r\000q\000u\000i\000t\000e\000t\000u\000r\000a\000\040\000g\000e\000r\000a\000l\000\040\000d\000o\000\040\000f\000i\000r\000m\000w\000a\000r\000e}{section.3.5}% 38
\BOOKMARK [2][-]{subsection.3.5.2}{\376\377\000I\000n\000i\000c\000i\000a\000l\000i\000z\000a\000\347\000\343\000o\000\040\000d\000o\000\040\000m\000i\000c\000r\000o\000c\000o\000n\000t\000r\000o\000l\000a\000d\000o\000r\000\040\000e\000\040\000d\000o\000s\000\040\000p\000e\000r\000i\000f\000\351\000r\000i\000c\000o\000s}{section.3.5}% 39
\BOOKMARK [2][-]{subsection.3.5.3}{\376\377\000D\000r\000i\000v\000e\000r\000\040\000d\000e\000\040\000c\000o\000m\000u\000n\000i\000c\000a\000\347\000\343\000o\000\040\000c\000o\000m\000\040\000o\000\040\000A\000D\000S\0001\0002\0005\0006}{section.3.5}% 40
\BOOKMARK [2][-]{subsection.3.5.4}{\376\377\000A\000q\000u\000i\000s\000i\000\347\000\343\000o\000\040\000e\000\040\000c\000h\000a\000v\000e\000a\000m\000e\000n\000t\000o\000\040\000d\000o\000s\000\040\000c\000a\000n\000a\000i\000s}{section.3.5}% 41
\BOOKMARK [2][-]{subsection.3.5.5}{\376\377\000O\000r\000g\000a\000n\000i\000z\000a\000\347\000\343\000o\000\040\000d\000a\000s\000\040\000a\000m\000o\000s\000t\000r\000a\000s\000\040\000e\000\040\000f\000o\000r\000m\000a\000\347\000\343\000o\000\040\000d\000o\000s\000\040\000q\000u\000a\000d\000r\000o\000s}{section.3.5}% 42
\BOOKMARK [2][-]{subsection.3.5.6}{\376\377\000T\000r\000a\000n\000s\000m\000i\000s\000s\000\343\000o\000\040\000d\000o\000s\000\040\000d\000a\000d\000o\000s\000\040\000p\000o\000r\000\040\000U\000S\000B\000\040\000C\000D\000C}{section.3.5}% 43
\BOOKMARK [2][-]{subsection.3.5.7}{\376\377\000I\000n\000t\000e\000r\000f\000a\000c\000e\000\040\000l\000o\000c\000a\000l\000\040\000d\000e\000\040\000d\000e\000p\000u\000r\000a\000\347\000\343\000o}{section.3.5}% 44
\BOOKMARK [2][-]{subsection.3.5.8}{\376\377\000T\000r\000a\000t\000a\000m\000e\000n\000t\000o\000\040\000d\000e\000\040\000f\000a\000l\000h\000a\000s}{section.3.5}% 45
\BOOKMARK [1][-]{section.3.6}{\376\377\000I\000m\000p\000l\000e\000m\000e\000n\000t\000a\000\347\000\343\000o\000\040\000d\000o\000\040\000s\000o\000f\000t\000w\000a\000r\000e\000\040\000d\000e\000\040\000a\000q\000u\000i\000s\000i\000\347\000\343\000o\000,\000\040\000p\000r\000o\000c\000e\000s\000s\000a\000m\000e\000n\000t\000o\000\040\000e\000\040\000v\000i\000s\000u\000a\000l\000i\000z\000a\000\347\000\343\000o}{chapter.3}% 46
\BOOKMARK [2][-]{subsection.3.6.1}{\376\377\000A\000r\000q\000u\000i\000t\000e\000t\000u\000r\000a\000\040\000g\000e\000r\000a\000l\000\040\000d\000o\000\040\000s\000o\000f\000t\000w\000a\000r\000e}{section.3.6}% 47
\BOOKMARK [2][-]{subsection.3.6.2}{\376\377\000C\000o\000n\000f\000i\000g\000u\000r\000a\000\347\000\343\000o\000\040\000d\000a\000\040\000s\000e\000s\000s\000\343\000o\000\040\000e\000\040\000d\000o\000s\000\040\000c\000a\000n\000a\000i\000s}{section.3.6}% 48
\BOOKMARK [2][-]{subsection.3.6.3}{\376\377\000R\000e\000c\000e\000p\000\347\000\343\000o\000\040\000e\000\040\000v\000a\000l\000i\000d\000a\000\347\000\343\000o\000\040\000d\000o\000s\000\040\000q\000u\000a\000d\000r\000o\000s}{section.3.6}% 49
\BOOKMARK [2][-]{subsection.3.6.4}{\376\377\000A\000r\000m\000a\000z\000e\000n\000a\000m\000e\000n\000t\000o\000\040\000d\000a\000s\000\040\000a\000q\000u\000i\000s\000i\000\347\000\365\000e\000s}{section.3.6}% 50
\BOOKMARK [2][-]{subsection.3.6.5}{\376\377\000C\000o\000n\000v\000e\000r\000s\000\343\000o\000\040\000d\000a\000s\000\040\000c\000o\000n\000t\000a\000g\000e\000n\000s\000\040\000d\000o\000\040\000A\000D\000S\0001\0002\0005\0006}{section.3.6}% 51
\BOOKMARK [2][-]{subsection.3.6.6}{\376\377\000P\000r\000o\000c\000e\000s\000s\000a\000m\000e\000n\000t\000o\000\040\000d\000o\000s\000\040\000s\000i\000n\000a\000i\000s}{section.3.6}% 52
\BOOKMARK [2][-]{subsection.3.6.7}{\376\377\000S\000e\000s\000s\000\365\000e\000s\000\040\000a\000r\000m\000a\000z\000e\000n\000a\000d\000a\000s\000\040\000e\000\040\000e\000x\000p\000o\000r\000t\000a\000\347\000\343\000o}{section.3.6}% 53
\BOOKMARK [1][-]{section.3.7}{\376\377\000E\000n\000s\000a\000i\000o\000s\000\040\000d\000e\000\040\000V\000a\000l\000i\000d\000a\000\347\000\343\000o\000\040\000d\000a\000\040\000A\000r\000q\000u\000i\000t\000e\000t\000u\000r\000a\000\040\000D\000e\000s\000e\000n\000v\000o\000l\000v\000i\000d\000a}{chapter.3}% 54
\BOOKMARK [2][-]{subsection.3.7.1}{\376\377\000E\000n\000s\000a\000i\000o\000s\000\040\000c\000o\000m\000\040\000s\000i\000n\000a\000i\000s\000\040\000c\000o\000n\000h\000e\000c\000i\000d\000o\000s}{section.3.7}% 55
\BOOKMARK [2][-]{subsection.3.7.2}{\376\377\000A\000q\000u\000i\000s\000i\000\347\000\343\000o\000\040\000d\000e\000\040\000s\000i\000n\000a\000i\000s\000\040\000f\000i\000s\000i\000o\000l\000\363\000g\000i\000c\000o\000s}{section.3.7}% 56
\BOOKMARK [1][-]{section.3.8}{\376\377\000E\000s\000t\000r\000a\000t\000\351\000g\000i\000a\000\040\000d\000e\000\040\000v\000a\000l\000i\000d\000a\000\347\000\343\000o}{chapter.3}% 57
\BOOKMARK [2][-]{subsection.3.8.1}{\376\377\000V\000a\000l\000i\000d\000a\000\347\000\343\000o\000\040\000n\000o\000\040\000d\000o\000m\000\355\000n\000i\000o\000\040\000d\000o\000\040\000t\000e\000m\000p\000o}{section.3.8}% 58
\BOOKMARK [2][-]{subsection.3.8.2}{\376\377\000V\000a\000l\000i\000d\000a\000\347\000\343\000o\000\040\000n\000o\000\040\000d\000o\000m\000\355\000n\000i\000o\000\040\000d\000a\000\040\000f\000r\000e\000q\000u\000\352\000n\000c\000i\000a}{section.3.8}% 59
\BOOKMARK [2][-]{subsection.3.8.3}{\376\377\000V\000a\000l\000i\000d\000a\000\347\000\343\000o\000\040\000d\000a\000\040\000a\000q\000u\000i\000s\000i\000\347\000\343\000o\000\040\000m\000u\000l\000t\000i\000c\000a\000n\000a\000l}{section.3.8}% 60
\BOOKMARK [2][-]{subsection.3.8.4}{\376\377\000A\000v\000a\000l\000i\000a\000\347\000\343\000o\000\040\000d\000o\000s\000\040\000s\000i\000n\000a\000i\000s\000\040\000f\000i\000s\000i\000o\000l\000\363\000g\000i\000c\000o\000s}{section.3.8}% 61
\BOOKMARK [0][-]{chapter.4}{\376\377\000R\000e\000s\000u\000l\000t\000a\000d\000o\000s\000\040\000e\000\040\000D\000i\000s\000c\000u\000s\000s\000\365\000e\000s}{}% 62
\BOOKMARK [1][-]{section.4.1}{\376\377\000O\000r\000g\000a\000n\000i\000z\000a\000\347\000\343\000o\000\040\000d\000o\000s\000\040\000r\000e\000g\000i\000s\000t\000r\000o\000s\000\040\000e\000x\000p\000e\000r\000i\000m\000e\000n\000t\000a\000i\000s}{chapter.4}% 63
\BOOKMARK [1][-]{section.4.2}{\376\377\000R\000e\000s\000u\000l\000t\000a\000d\000o\000\040\000d\000a\000\040\000i\000m\000p\000l\000e\000m\000e\000n\000t\000a\000\347\000\343\000o\000\040\000d\000a\000\040\000p\000l\000a\000t\000a\000f\000o\000r\000m\000a}{chapter.4}% 64
\BOOKMARK [2][-]{subsection.4.2.1}{\376\377\000C\000o\000n\000f\000i\000g\000u\000r\000a\000\347\000\343\000o\000\040\000f\000i\000n\000a\000l\000\040\000d\000o\000\040\000p\000r\000o\000t\000\363\000t\000i\000p\000o}{section.4.2}% 65
\BOOKMARK [2][-]{subsection.4.2.2}{\376\377\000F\000u\000n\000c\000i\000o\000n\000a\000m\000e\000n\000t\000o\000\040\000d\000o\000\040\000f\000i\000r\000m\000w\000a\000r\000e\000\040\000e\000\040\000d\000a\000\040\000c\000o\000m\000u\000n\000i\000c\000a\000\347\000\343\000o}{section.4.2}% 66
\BOOKMARK [2][-]{subsection.4.2.3}{\376\377\000F\000u\000n\000c\000i\000o\000n\000a\000m\000e\000n\000t\000o\000\040\000d\000o\000\040\000s\000o\000f\000t\000w\000a\000r\000e\000\040\000d\000e\000\040\000a\000q\000u\000i\000s\000i\000\347\000\343\000o}{section.4.2}% 67
\BOOKMARK [2][-]{subsection.4.2.4}{\376\377\000C\000a\000r\000a\000c\000t\000e\000r\000\355\000s\000t\000i\000c\000a\000s\000\040\000f\000\355\000s\000i\000c\000a\000s\000\040\000e\000\040\000c\000u\000s\000t\000o\000\040\000d\000o\000\040\000s\000i\000s\000t\000e\000m\000a}{section.4.2}% 68
\BOOKMARK [1][-]{section.4.3}{\376\377\000R\000e\000s\000u\000l\000t\000a\000d\000o\000s\000\040\000d\000o\000s\000\040\000e\000n\000s\000a\000i\000o\000s\000\040\000c\000o\000m\000\040\000s\000i\000n\000a\000i\000s\000\040\000c\000o\000n\000h\000e\000c\000i\000d\000o\000s}{chapter.4}% 69
\BOOKMARK [2][-]{subsection.4.3.1}{\376\377\000S\000i\000n\000a\000i\000s\000\040\000s\000e\000n\000o\000i\000d\000a\000i\000s\000\040\000d\000e\000\040\0001\0000\0000\000\040\000H\000z\000\040\000e\000\040\0004\0005\0000\000\040\000H\000z}{section.4.3}% 70
\BOOKMARK [2][-]{subsection.4.3.2}{\376\377\000O\000n\000d\000a\000s\000\040\000q\000u\000a\000d\000r\000a\000d\000a\000s\000\040\000d\000e\000\040\0005\000\040\000H\000z\000\040\000e\000\040\0005\0000\000\040\000H\000z}{section.4.3}% 71
\BOOKMARK [2][-]{subsection.4.3.3}{\376\377\000S\000i\000n\000a\000l\000\040\000m\000u\000l\000t\000i\000t\000o\000m}{section.4.3}% 72
\BOOKMARK [2][-]{subsection.4.3.4}{\376\377\000S\000i\000n\000a\000l\000\040\000s\000i\000n\000c}{section.4.3}% 73
\BOOKMARK [2][-]{subsection.4.3.5}{\376\377\000S\000\355\000n\000t\000e\000s\000e\000\040\000d\000o\000s\000\040\000e\000n\000s\000a\000i\000o\000s\000\040\000c\000o\000m\000\040\000s\000i\000n\000a\000i\000s\000\040\000c\000o\000n\000h\000e\000c\000i\000d\000o\000s}{section.4.3}% 74
\BOOKMARK [1][-]{section.4.4}{\376\377\000A\000v\000a\000l\000i\000a\000\347\000\343\000o\000\040\000d\000o\000\040\000d\000e\000s\000e\000m\000p\000e\000n\000h\000o\000\040\000t\000e\000m\000p\000o\000r\000a\000l\000\040\000d\000a\000\040\000a\000q\000u\000i\000s\000i\000\347\000\343\000o}{chapter.4}% 75
\BOOKMARK [2][-]{subsection.4.4.1}{\376\377\000T\000a\000x\000a\000\040\000e\000f\000e\000t\000i\000v\000a\000\040\000d\000e\000\040\000a\000q\000u\000i\000s\000i\000\347\000\343\000o}{section.4.4}% 76
\BOOKMARK [2][-]{subsection.4.4.2}{\376\377\000C\000o\000n\000t\000i\000n\000u\000i\000d\000a\000d\000e\000\040\000d\000o\000s\000\040\000r\000e\000g\000i\000s\000t\000r\000o\000s}{section.4.4}% 77
\BOOKMARK [2][-]{subsection.4.4.3}{\376\377\000C\000o\000m\000p\000o\000r\000t\000a\000m\000e\000n\000t\000o\000\040\000d\000a\000\040\000a\000q\000u\000i\000s\000i\000\347\000\343\000o\000\040\000m\000u\000l\000t\000i\000c\000a\000n\000a\000l}{section.4.4}% 78
\BOOKMARK [2][-]{subsection.4.4.4}{\376\377\000S\000\355\000n\000t\000e\000s\000e\000\040\000d\000o\000\040\000d\000e\000s\000e\000m\000p\000e\000n\000h\000o\000\040\000d\000a\000\040\000a\000q\000u\000i\000s\000i\000\347\000\343\000o}{section.4.4}% 79
\BOOKMARK [1][-]{section.4.5}{\376\377\000R\000e\000s\000u\000l\000t\000a\000d\000o\000s\000\040\000d\000a\000\040\000a\000q\000u\000i\000s\000i\000\347\000\343\000o\000\040\000d\000o\000s\000\040\000s\000i\000n\000a\000i\000s\000\040\000f\000i\000s\000i\000o\000l\000\363\000g\000i\000c\000o\000s}{chapter.4}% 80
\BOOKMARK [2][-]{subsection.4.5.1}{\376\377\000A\000q\000u\000i\000s\000i\000\347\000\343\000o\000\040\000s\000i\000m\000u\000l\000t\000\342\000n\000e\000a\000\040\000d\000e\000\040\000d\000o\000i\000s\000\040\000c\000a\000n\000a\000i\000s\000\040\000d\000e\000\040\000E\000C\000G\000\040\000e\000\040\000u\000m\000\040\000c\000a\000n\000a\000l\000\040\000d\000e\000\040\000P\000P\000G}{section.4.5}% 81
\BOOKMARK [2][-]{subsection.4.5.2}{\376\377\000R\000e\000s\000u\000l\000t\000a\000d\000o\000\040\000d\000o\000\040\000p\000r\000i\000m\000e\000i\000r\000o\000\040\000c\000a\000n\000a\000l\000\040\000d\000e\000\040\000E\000C\000G}{section.4.5}% 82
\BOOKMARK [2][-]{subsection.4.5.3}{\376\377\000R\000e\000s\000u\000l\000t\000a\000d\000o\000\040\000d\000o\000\040\000s\000e\000g\000u\000n\000d\000o\000\040\000c\000a\000n\000a\000l\000\040\000d\000e\000\040\000E\000C\000G}{section.4.5}% 83
\BOOKMARK [2][-]{subsection.4.5.4}{\376\377\000R\000e\000s\000u\000l\000t\000a\000d\000o\000\040\000d\000o\000\040\000c\000a\000n\000a\000l\000\040\000d\000e\000\040\000P\000P\000G}{section.4.5}% 84
\BOOKMARK [2][-]{subsection.4.5.5}{\376\377\000C\000o\000e\000r\000\352\000n\000c\000i\000a\000\040\000f\000u\000n\000c\000i\000o\000n\000a\000l\000\040\000e\000n\000t\000r\000e\000\040\000E\000C\000G\000\040\000e\000\040\000P\000P\000G}{section.4.5}% 85
\BOOKMARK [2][-]{subsection.4.5.6}{\376\377\000S\000\355\000n\000t\000e\000s\000e\000\040\000f\000u\000n\000c\000i\000o\000n\000a\000l\000\040\000d\000o\000s\000\040\000s\000i\000n\000a\000i\000s\000\040\000f\000i\000s\000i\000o\000l\000\363\000g\000i\000c\000o\000s}{section.4.5}% 86
\BOOKMARK [1][-]{section.4.6}{\376\377\000D\000i\000s\000c\000u\000s\000s\000\343\000o\000\040\000g\000e\000r\000a\000l\000\040\000d\000o\000s\000\040\000r\000e\000s\000u\000l\000t\000a\000d\000o\000s}{chapter.4}% 87
\BOOKMARK [2][-]{subsection.4.6.1}{\376\377\000F\000i\000d\000e\000l\000i\000d\000a\000d\000e\000\040\000d\000o\000s\000\040\000s\000i\000n\000a\000i\000s\000\040\000c\000o\000n\000h\000e\000c\000i\000d\000o\000s}{section.4.6}% 88
\BOOKMARK [2][-]{subsection.4.6.2}{\376\377\000D\000e\000s\000e\000m\000p\000e\000n\000h\000o\000\040\000d\000a\000\040\000a\000r\000q\000u\000i\000t\000e\000t\000u\000r\000a\000\040\000m\000u\000l\000t\000i\000c\000a\000n\000a\000l}{section.4.6}% 89
\BOOKMARK [2][-]{subsection.4.6.3}{\376\377\000A\000d\000e\000q\000u\000a\000\347\000\343\000o\000\040\000d\000a\000\040\000p\000l\000a\000t\000a\000f\000o\000r\000m\000a\000\040\000p\000a\000r\000a\000\040\000a\000q\000u\000i\000s\000i\000\347\000\343\000o\000\040\000d\000e\000\040\000E\000C\000G\000\040\000e\000\040\000P\000P\000G}{section.4.6}% 90
\BOOKMARK [2][-]{subsection.4.6.4}{\376\377\000L\000i\000m\000i\000t\000a\000\347\000\365\000e\000s\000\040\000e\000x\000p\000e\000r\000i\000m\000e\000n\000t\000a\000i\000s}{section.4.6}% 91
\BOOKMARK [0][-]{chapter.5}{\376\377\000C\000o\000n\000c\000l\000u\000s\000\343\000o}{}% 92
\BOOKMARK [1][-]{section.5.1}{\376\377\000P\000o\000s\000s\000i\000b\000i\000l\000i\000d\000a\000d\000e\000s\000\040\000d\000e\000\040\000a\000p\000e\000r\000f\000e\000i\000\347\000o\000a\000m\000e\000n\000t\000o}{chapter.5}% 93
